
Subcircuit summary:
Circuit 1: gf180mcu_3v3_12t_sram_ctrl_nand4     |Circuit 2: gf180mcu_3v3_12t_sram_ctrl_nand4     
-------------------------------------------|-------------------------------------------
nfet_03v3 (4)                              |nfet_03v3 (4)                              
pfet_03v3 (4)                              |pfet_03v3 (4)                              
Number of devices: 8                       |Number of devices: 8                       
Number of nets: 10                         |Number of nets: 10                         
---------------------------------------------------------------------------------------
Circuits match uniquely.
Netlists match uniquely.

Subcircuit pins:
Circuit 1: gf180mcu_3v3_12t_sram_ctrl_nand4     |Circuit 2: gf180mcu_3v3_12t_sram_ctrl_nand4     
-------------------------------------------|-------------------------------------------
VDD                                        |VDD                                        
B                                          |B                                          
C                                          |C                                          
A                                          |A                                          
D                                          |D                                          
Y                                          |Y                                          
VSS                                        |VSS                                        
---------------------------------------------------------------------------------------
Cell pin lists are equivalent.
Device classes gf180mcu_3v3_12t_sram_ctrl_nand4 and gf180mcu_3v3_12t_sram_ctrl_nand4 are equivalent.
Circuits match uniquely.
