2026-05-26 01:09:31 +0300: Memory Usage (576824K) : Starting running GF180MCU Klayout DRC runset on /home/yevhenii/gf180mcu-3v3-12t-2r2w-sram-macro/macros/gf180mcu_3v3_12t_2r2w_sram_512x32/layout/gf180mcu_3v3_12t_2r2w_sram_512x32.gds
2026-05-26 01:09:31 +0300: Memory Usage (576824K) : Ruby Version for klayout: 3.2.3
2026-05-26 01:09:31 +0300: Memory Usage (580364K) : Loading database to memory is complete.
2026-05-26 01:09:31 +0300: Memory Usage (580364K) : GF180MCU Klayout density DRC runset output at: /home/yevhenii/gf180mcu-3v3-12t-2r2w-sram-macro/reports/local_signoff_full/gf180mcu_3v3_12t_2r2w_sram_512x32/density/gf180mcu_3v3_12t_2r2w_sram_512x32.density.lyrdb
2026-05-26 01:09:31 +0300: Memory Usage (580364K) : Evaluate switches.
2026-05-26 01:09:31 +0300: Memory Usage (580364K) : Number of threads to use 1
2026-05-26 01:09:31 +0300: Memory Usage (580364K) : Verbose mode: 
2026-05-26 01:09:31 +0300: Memory Usage (580364K) : flat  mode is enabled.
2026-05-26 01:09:31 +0300: Memory Usage (580364K) : METAL_TOP Selected is 9K
2026-05-26 01:09:31 +0300: Memory Usage (580364K) : METAL_STACK Selected is 5LM
2026-05-26 01:09:31 +0300: Memory Usage (580364K) : Read in polygons from layers.
2026-05-26 01:09:31 +0300: Memory Usage (580536K) : dualgate has 0 polygons
2026-05-26 01:09:31 +0300: Memory Usage (612464K) : poly2 has 133794 polygons
2026-05-26 01:09:32 +0300: Memory Usage (735636K) : contact has 538730 polygons
2026-05-26 01:09:33 +0300: Memory Usage (778088K) : metal1_drawn has 357924 polygons
2026-05-26 01:09:33 +0300: Memory Usage (778088K) : metal1_dummy has 3042 polygons
2026-05-26 01:09:34 +0300: Memory Usage (818632K) : metal1_label has 6863 polygons
2026-05-26 01:09:34 +0300: Memory Usage (818632K) : metal1_slot has 0 polygons
2026-05-26 01:09:34 +0300: Memory Usage (818632K) : metal1_blk has 0 polygons
2026-05-26 01:09:34 +0300: Memory Usage (818632K) : via1 has 10860 polygons
2026-05-26 01:09:34 +0300: Memory Usage (834120K) : metal2_drawn has 260991 polygons
2026-05-26 01:09:34 +0300: Memory Usage (834120K) : metal2_dummy has 3042 polygons
2026-05-26 01:09:34 +0300: Memory Usage (871668K) : metal2_label has 0 polygons
2026-05-26 01:09:34 +0300: Memory Usage (871668K) : metal2_slot has 0 polygons
2026-05-26 01:09:34 +0300: Memory Usage (871668K) : metal2_blk has 0 polygons
2026-05-26 01:09:34 +0300: Memory Usage (871668K) : via2 has 24310 polygons
2026-05-26 01:09:36 +0300: Memory Usage (917224K) : metal3_drawn has 205903 polygons
2026-05-26 01:09:36 +0300: Memory Usage (917224K) : metal3_dummy has 3042 polygons
2026-05-26 01:09:36 +0300: Memory Usage (939020K) : metal3_label has 0 polygons
2026-05-26 01:09:36 +0300: Memory Usage (939020K) : metal3_slot has 0 polygons
2026-05-26 01:09:36 +0300: Memory Usage (939020K) : metal3_blk has 0 polygons
2026-05-26 01:09:36 +0300: Memory Usage (974068K) : via3 has 197680 polygons
2026-05-26 01:09:37 +0300: Memory Usage (1021336K) : metal4_drawn has 91877 polygons
2026-05-26 01:09:37 +0300: Memory Usage (1021336K) : metal4_dummy has 3042 polygons
2026-05-26 01:09:37 +0300: Memory Usage (1021336K) : metal4_label has 0 polygons
2026-05-26 01:09:37 +0300: Memory Usage (1021336K) : metal4_slot has 0 polygons
2026-05-26 01:09:37 +0300: Memory Usage (1021336K) : metal4_blk has 0 polygons
2026-05-26 01:09:37 +0300: Memory Usage (1021336K) : via4 has 74604 polygons
2026-05-26 01:09:37 +0300: Memory Usage (1053664K) : metal5_drawn has 18002 polygons
2026-05-26 01:09:37 +0300: Memory Usage (1053664K) : metal5_dummy has 3042 polygons
2026-05-26 01:09:37 +0300: Memory Usage (1053664K) : metal5_label has 0 polygons
2026-05-26 01:09:37 +0300: Memory Usage (1053664K) : metal5_slot has 0 polygons
2026-05-26 01:09:37 +0300: Memory Usage (1053664K) : metal5_blk has 0 polygons
2026-05-26 01:09:37 +0300: Memory Usage (1053664K) : Starting GF180MCU DENSITY layer derivations.
2026-05-26 01:09:37 +0300: Memory Usage (1053664K) : Starting GF180MCU DENSITY DRC rules.
2026-05-26 01:09:37 +0300: Memory Usage (1053664K) : Executing rule PL.8
2026-05-26 01:09:37 +0300: Memory Usage (1053664K) : Executing rule M1.4
2026-05-26 01:09:38 +0300: Memory Usage (1053664K) : Executing rule M2.4
2026-05-26 01:09:39 +0300: Memory Usage (1062428K) : Executing rule M3.4
2026-05-26 01:09:40 +0300: Memory Usage (1093424K) : Executing rule M4.4
2026-05-26 01:09:40 +0300: Memory Usage (1119856K) : Executing rule M5.4
2026-05-26 01:09:41 +0300: Memory Usage (1140912K) : Executing rule MT.3
2026-05-26 01:09:41 +0300: Memory Usage (1140912K) : DRC Total Run time 10.069345 seconds
