
Subcircuit summary:
Circuit 1: gf180mcu_3v3_12t_sram_ctrl_inv       |Circuit 2: gf180mcu_3v3_12t_sram_ctrl_inv       
-------------------------------------------|-------------------------------------------
nfet_03v3 (1)                              |nfet_03v3 (1)                              
pfet_03v3 (1)                              |pfet_03v3 (1)                              
Number of devices: 2                       |Number of devices: 2                       
Number of nets: 4                          |Number of nets: 4                          
---------------------------------------------------------------------------------------
Circuits match uniquely.
Netlists match uniquely.

Subcircuit pins:
Circuit 1: gf180mcu_3v3_12t_sram_ctrl_inv       |Circuit 2: gf180mcu_3v3_12t_sram_ctrl_inv       
-------------------------------------------|-------------------------------------------
Y                                          |Y                                          
A                                          |A                                          
VSS                                        |VSS                                        
VDD                                        |VDD                                        
---------------------------------------------------------------------------------------
Cell pin lists are equivalent.
Device classes gf180mcu_3v3_12t_sram_ctrl_inv and gf180mcu_3v3_12t_sram_ctrl_inv are equivalent.
Circuits match uniquely.
