
Subcircuit summary:
Circuit 1: detronyx_12t_ctrl_row_select4_w |Circuit 2: detronyx_12t_ctrl_row_select4_w 
-------------------------------------------|-------------------------------------------
pfet_03v3 (7)                              |pfet_03v3 (7)                              
nfet_03v3 (7)                              |nfet_03v3 (7)                              
Number of devices: 14                      |Number of devices: 14                      
Number of nets: 13                         |Number of nets: 13                         
---------------------------------------------------------------------------------------
Circuits match uniquely.
Netlists match uniquely.

Subcircuit pins:
Circuit 1: detronyx_12t_ctrl_row_select4_w |Circuit 2: detronyx_12t_ctrl_row_select4_w 
-------------------------------------------|-------------------------------------------
VSS                                        |VSS                                        
P0                                         |P0                                         
P1                                         |P1                                         
P2                                         |P2                                         
EN                                         |EN                                         
WL                                         |WL                                         
VDD                                        |VDD                                        
---------------------------------------------------------------------------------------
Cell pin lists are equivalent.
Device classes gf180mcu_3v3_12t_sram_ctrl_row_select4_wlbuf and gf180mcu_3v3_12t_sram_ctrl_row_select4_wlbuf are equivalent.
Circuits match uniquely.
