2026-05-24 17:52:00 +0300: Memory Usage (576816K) : Starting running GF180MCU Klayout DRC runset on build/final_physical/gf180mcu_3v3_12t_2r2w_sram_512x8/layout/gf180mcu_3v3_12t_2r2w_sram_512x8.gds
2026-05-24 17:52:00 +0300: Memory Usage (576816K) : Ruby Version for klayout: 3.2.3
2026-05-24 17:52:00 +0300: Memory Usage (577224K) : Loading database to memory is complete.
2026-05-24 17:52:00 +0300: Memory Usage (577224K) : GF180MCU Klayout density DRC runset output at: build/pin_lvs_pex_signoff/gf180mcu_3v3_12t_2r2w_sram_512x8/density/gf180mcu_3v3_12t_2r2w_sram_512x8.density.lyrdb
2026-05-24 17:52:00 +0300: Memory Usage (577224K) : Evaluate switches.
2026-05-24 17:52:00 +0300: Memory Usage (577224K) : Number of threads to use 1
2026-05-24 17:52:00 +0300: Memory Usage (577224K) : Verbose mode: 
2026-05-24 17:52:00 +0300: Memory Usage (577224K) : flat  mode is enabled.
2026-05-24 17:52:00 +0300: Memory Usage (577224K) : METAL_TOP Selected is 9K
2026-05-24 17:52:00 +0300: Memory Usage (577224K) : METAL_STACK Selected is 5LM
2026-05-24 17:52:00 +0300: Memory Usage (577224K) : Read in polygons from layers.
2026-05-24 17:52:00 +0300: Memory Usage (577388K) : dualgate has 0 polygons
2026-05-24 17:52:00 +0300: Memory Usage (582676K) : poly2 has 33119 polygons
2026-05-24 17:52:01 +0300: Memory Usage (597060K) : contact has 122880 polygons
2026-05-24 17:52:01 +0300: Memory Usage (624720K) : metal1_drawn has 86016 polygons
2026-05-24 17:52:01 +0300: Memory Usage (624720K) : metal1_dummy has 1008 polygons
2026-05-24 17:52:01 +0300: Memory Usage (627492K) : metal1_label has 0 polygons
2026-05-24 17:52:01 +0300: Memory Usage (627492K) : metal1_slot has 0 polygons
2026-05-24 17:52:01 +0300: Memory Usage (627492K) : metal1_blk has 0 polygons
2026-05-24 17:52:01 +0300: Memory Usage (627492K) : via1 has 0 polygons
2026-05-24 17:52:01 +0300: Memory Usage (638200K) : metal2_drawn has 61440 polygons
2026-05-24 17:52:01 +0300: Memory Usage (638200K) : metal2_dummy has 1008 polygons
2026-05-24 17:52:01 +0300: Memory Usage (639916K) : metal2_label has 0 polygons
2026-05-24 17:52:01 +0300: Memory Usage (639916K) : metal2_slot has 0 polygons
2026-05-24 17:52:01 +0300: Memory Usage (639916K) : metal2_blk has 0 polygons
2026-05-24 17:52:01 +0300: Memory Usage (639916K) : via2 has 0 polygons
2026-05-24 17:52:01 +0300: Memory Usage (665032K) : metal3_drawn has 49152 polygons
2026-05-24 17:52:01 +0300: Memory Usage (665032K) : metal3_dummy has 1008 polygons
2026-05-24 17:52:01 +0300: Memory Usage (665032K) : metal3_label has 0 polygons
2026-05-24 17:52:01 +0300: Memory Usage (665032K) : metal3_slot has 0 polygons
2026-05-24 17:52:01 +0300: Memory Usage (665032K) : metal3_blk has 0 polygons
2026-05-24 17:52:01 +0300: Memory Usage (665032K) : via3 has 49152 polygons
2026-05-24 17:52:02 +0300: Memory Usage (688164K) : metal4_drawn has 25048 polygons
2026-05-24 17:52:02 +0300: Memory Usage (688164K) : metal4_dummy has 1008 polygons
2026-05-24 17:52:02 +0300: Memory Usage (688164K) : metal4_label has 0 polygons
2026-05-24 17:52:02 +0300: Memory Usage (688164K) : metal4_slot has 0 polygons
2026-05-24 17:52:02 +0300: Memory Usage (688164K) : metal4_blk has 0 polygons
2026-05-24 17:52:02 +0300: Memory Usage (688164K) : via4 has 18623 polygons
2026-05-24 17:52:02 +0300: Memory Usage (688164K) : metal5_drawn has 4562 polygons
2026-05-24 17:52:02 +0300: Memory Usage (688164K) : metal5_dummy has 1008 polygons
2026-05-24 17:52:02 +0300: Memory Usage (688164K) : metal5_label has 0 polygons
2026-05-24 17:52:02 +0300: Memory Usage (688164K) : metal5_slot has 0 polygons
2026-05-24 17:52:02 +0300: Memory Usage (688164K) : metal5_blk has 0 polygons
2026-05-24 17:52:02 +0300: Memory Usage (688164K) : Starting GF180MCU DENSITY layer derivations.
2026-05-24 17:52:02 +0300: Memory Usage (688164K) : Starting GF180MCU DENSITY DRC rules.
2026-05-24 17:52:02 +0300: Memory Usage (688164K) : Executing rule PL.8
2026-05-24 17:52:02 +0300: Memory Usage (688164K) : Executing rule M1.4
2026-05-24 17:52:02 +0300: Memory Usage (709920K) : Executing rule M2.4
2026-05-24 17:52:02 +0300: Memory Usage (709920K) : Executing rule M3.4
2026-05-24 17:52:02 +0300: Memory Usage (709920K) : Executing rule M4.4
2026-05-24 17:52:02 +0300: Memory Usage (710068K) : Executing rule M5.4
2026-05-24 17:52:02 +0300: Memory Usage (710068K) : Executing rule MT.3
2026-05-24 17:52:02 +0300: Memory Usage (710068K) : DRC Total Run time 2.212846 seconds
