2026-05-26 01:46:52 +0300: Memory Usage (576828K) : Starting running GF180MCU Klayout DRC runset on /home/yevhenii/gf180mcu-3v3-12t-2r2w-sram-macro/macros/gf180mcu_3v3_12t_2r2w_sram_1024x8/layout/gf180mcu_3v3_12t_2r2w_sram_1024x8.gds
2026-05-26 01:46:52 +0300: Memory Usage (576828K) : Ruby Version for klayout: 3.2.3
2026-05-26 01:46:52 +0300: Memory Usage (579716K) : Loading database to memory is complete.
2026-05-26 01:46:52 +0300: Memory Usage (579716K) : GF180MCU Klayout density DRC runset output at: /home/yevhenii/gf180mcu-3v3-12t-2r2w-sram-macro/reports/local_signoff_full/gf180mcu_3v3_12t_2r2w_sram_1024x8/density/gf180mcu_3v3_12t_2r2w_sram_1024x8.density.lyrdb
2026-05-26 01:46:52 +0300: Memory Usage (579716K) : Evaluate switches.
2026-05-26 01:46:52 +0300: Memory Usage (579716K) : Number of threads to use 1
2026-05-26 01:46:52 +0300: Memory Usage (579716K) : Verbose mode: 
2026-05-26 01:46:52 +0300: Memory Usage (579716K) : flat  mode is enabled.
2026-05-26 01:46:52 +0300: Memory Usage (579716K) : METAL_TOP Selected is 9K
2026-05-26 01:46:52 +0300: Memory Usage (579716K) : METAL_STACK Selected is 5LM
2026-05-26 01:46:52 +0300: Memory Usage (579716K) : Read in polygons from layers.
2026-05-26 01:46:52 +0300: Memory Usage (579924K) : dualgate has 0 polygons
2026-05-26 01:46:53 +0300: Memory Usage (598256K) : poly2 has 66602 polygons
2026-05-26 01:46:53 +0300: Memory Usage (656312K) : contact has 287306 polygons
2026-05-26 01:46:54 +0300: Memory Usage (686700K) : metal1_drawn has 180952 polygons
2026-05-26 01:46:54 +0300: Memory Usage (686700K) : metal1_dummy has 1771 polygons
2026-05-26 01:46:54 +0300: Memory Usage (699708K) : metal1_label has 7007 polygons
2026-05-26 01:46:54 +0300: Memory Usage (699708K) : metal1_slot has 0 polygons
2026-05-26 01:46:54 +0300: Memory Usage (699708K) : metal1_blk has 0 polygons
2026-05-26 01:46:54 +0300: Memory Usage (699708K) : via1 has 6044 polygons
2026-05-26 01:46:54 +0300: Memory Usage (721768K) : metal2_drawn has 127383 polygons
2026-05-26 01:46:54 +0300: Memory Usage (721768K) : metal2_dummy has 1771 polygons
2026-05-26 01:46:54 +0300: Memory Usage (725860K) : metal2_label has 0 polygons
2026-05-26 01:46:54 +0300: Memory Usage (725860K) : metal2_slot has 0 polygons
2026-05-26 01:46:54 +0300: Memory Usage (725860K) : metal2_blk has 0 polygons
2026-05-26 01:46:54 +0300: Memory Usage (725860K) : via2 has 8668 polygons
2026-05-26 01:46:55 +0300: Memory Usage (763096K) : metal3_drawn has 98787 polygons
2026-05-26 01:46:55 +0300: Memory Usage (763096K) : metal3_dummy has 1771 polygons
2026-05-26 01:46:55 +0300: Memory Usage (763096K) : metal3_label has 0 polygons
2026-05-26 01:46:55 +0300: Memory Usage (763096K) : metal3_slot has 0 polygons
2026-05-26 01:46:55 +0300: Memory Usage (763096K) : metal3_blk has 0 polygons
2026-05-26 01:46:55 +0300: Memory Usage (780640K) : via3 has 98996 polygons
2026-05-26 01:46:56 +0300: Memory Usage (797600K) : metal4_drawn has 47284 polygons
2026-05-26 01:46:56 +0300: Memory Usage (797600K) : metal4_dummy has 1771 polygons
2026-05-26 01:46:56 +0300: Memory Usage (797600K) : metal4_label has 0 polygons
2026-05-26 01:46:56 +0300: Memory Usage (797600K) : metal4_slot has 0 polygons
2026-05-26 01:46:56 +0300: Memory Usage (797600K) : metal4_blk has 0 polygons
2026-05-26 01:46:56 +0300: Memory Usage (797600K) : via4 has 37269 polygons
2026-05-26 01:46:56 +0300: Memory Usage (813764K) : metal5_drawn has 9112 polygons
2026-05-26 01:46:56 +0300: Memory Usage (813764K) : metal5_dummy has 1771 polygons
2026-05-26 01:46:56 +0300: Memory Usage (813764K) : metal5_label has 0 polygons
2026-05-26 01:46:56 +0300: Memory Usage (813764K) : metal5_slot has 0 polygons
2026-05-26 01:46:56 +0300: Memory Usage (813764K) : metal5_blk has 0 polygons
2026-05-26 01:46:56 +0300: Memory Usage (813764K) : Starting GF180MCU DENSITY layer derivations.
2026-05-26 01:46:56 +0300: Memory Usage (813764K) : Starting GF180MCU DENSITY DRC rules.
2026-05-26 01:46:56 +0300: Memory Usage (813764K) : Executing rule PL.8
2026-05-26 01:46:56 +0300: Memory Usage (813764K) : Executing rule M1.4
2026-05-26 01:46:57 +0300: Memory Usage (814760K) : Executing rule M2.4
2026-05-26 01:46:57 +0300: Memory Usage (840308K) : Executing rule M3.4
2026-05-26 01:46:57 +0300: Memory Usage (840308K) : Executing rule M4.4
2026-05-26 01:46:58 +0300: Memory Usage (847592K) : Executing rule M5.4
2026-05-26 01:46:58 +0300: Memory Usage (858220K) : Executing rule MT.3
2026-05-26 01:46:58 +0300: Memory Usage (858220K) : DRC Total Run time 5.221755 seconds
