2026-05-24 17:45:59 +0300: Memory Usage (576956K) : Starting running GF180MCU Klayout DRC runset on build/final_physical/gf180mcu_3v3_12t_2r2w_sram_1024x32/layout/gf180mcu_3v3_12t_2r2w_sram_1024x32.gds
2026-05-24 17:45:59 +0300: Memory Usage (576956K) : Ruby Version for klayout: 3.2.3
2026-05-24 17:45:59 +0300: Memory Usage (579716K) : Loading database to memory is complete.
2026-05-24 17:45:59 +0300: Memory Usage (579716K) : GF180MCU Klayout antenna DRC runset output at: build/pin_lvs_pex_signoff/gf180mcu_3v3_12t_2r2w_sram_1024x32/antenna/gf180mcu_3v3_12t_2r2w_sram_1024x32.antenna.lyrdb
2026-05-24 17:45:59 +0300: Memory Usage (579716K) : Evaluate switches.
2026-05-24 17:45:59 +0300: Memory Usage (579716K) : Number of threads to use 1
2026-05-24 17:45:59 +0300: Memory Usage (579716K) : Verbose mode: 
2026-05-24 17:45:59 +0300: Memory Usage (579716K) : flat  mode is enabled.
2026-05-24 17:45:59 +0300: Memory Usage (579716K) : METAL_TOP Selected is 9K
2026-05-24 17:45:59 +0300: Memory Usage (579716K) : METAL_STACK Selected is 5LM
2026-05-24 17:45:59 +0300: Memory Usage (579716K) : MIM Option selected: B
2026-05-24 17:45:59 +0300: Memory Usage (579716K) : Read in polygons from layers.
2026-05-24 17:46:00 +0300: Memory Usage (632580K) : comp has 262144 polygons
2026-05-24 17:46:00 +0300: Memory Usage (632580K) : dualgate has 0 polygons
2026-05-24 17:46:01 +0300: Memory Usage (687444K) : poly2 has 263234 polygons
2026-05-24 17:46:01 +0300: Memory Usage (730572K) : nplus has 8192 polygons
2026-05-24 17:46:02 +0300: Memory Usage (738764K) : pplus has 32768 polygons
2026-05-24 17:46:03 +0300: Memory Usage (793720K) : contact has 983040 polygons
2026-05-24 17:46:05 +0300: Memory Usage (956948K) : metal1_drawn has 688128 polygons
2026-05-24 17:46:05 +0300: Memory Usage (956948K) : metal1_dummy has 5964 polygons
2026-05-24 17:46:05 +0300: Memory Usage (1040412K) : metal1_label has 0 polygons
2026-05-24 17:46:05 +0300: Memory Usage (1040412K) : metal1_slot has 0 polygons
2026-05-24 17:46:05 +0300: Memory Usage (1040412K) : metal1_blk has 0 polygons
2026-05-24 17:46:05 +0300: Memory Usage (1040412K) : via1 has 0 polygons
2026-05-24 17:46:06 +0300: Memory Usage (1044108K) : metal2_drawn has 491520 polygons
2026-05-24 17:46:06 +0300: Memory Usage (1044108K) : metal2_dummy has 5964 polygons
2026-05-24 17:46:06 +0300: Memory Usage (1134808K) : metal2_label has 0 polygons
2026-05-24 17:46:06 +0300: Memory Usage (1134808K) : metal2_slot has 0 polygons
2026-05-24 17:46:06 +0300: Memory Usage (1134808K) : metal2_blk has 0 polygons
2026-05-24 17:46:06 +0300: Memory Usage (1134808K) : via2 has 0 polygons
2026-05-24 17:46:09 +0300: Memory Usage (1216488K) : metal3_drawn has 393216 polygons
2026-05-24 17:46:09 +0300: Memory Usage (1216488K) : metal3_dummy has 5964 polygons
2026-05-24 17:46:09 +0300: Memory Usage (1259224K) : metal3_label has 0 polygons
2026-05-24 17:46:09 +0300: Memory Usage (1259224K) : metal3_slot has 0 polygons
2026-05-24 17:46:09 +0300: Memory Usage (1259224K) : metal3_blk has 0 polygons
2026-05-24 17:46:09 +0300: Memory Usage (1279784K) : via3 has 393216 polygons
2026-05-24 17:46:11 +0300: Memory Usage (1343252K) : metal4_drawn has 197776 polygons
2026-05-24 17:46:11 +0300: Memory Usage (1343252K) : metal4_dummy has 5964 polygons
2026-05-24 17:46:11 +0300: Memory Usage (1366516K) : metal4_label has 0 polygons
2026-05-24 17:46:11 +0300: Memory Usage (1366516K) : metal4_slot has 0 polygons
2026-05-24 17:46:11 +0300: Memory Usage (1366516K) : metal4_blk has 0 polygons
2026-05-24 17:46:11 +0300: Memory Usage (1395372K) : via4 has 148950 polygons
2026-05-24 17:46:12 +0300: Memory Usage (1424044K) : metal5_drawn has 36027 polygons
2026-05-24 17:46:12 +0300: Memory Usage (1424044K) : metal5_dummy has 5964 polygons
2026-05-24 17:46:12 +0300: Memory Usage (1424044K) : metal5_label has 0 polygons
2026-05-24 17:46:12 +0300: Memory Usage (1424044K) : metal5_slot has 0 polygons
2026-05-24 17:46:12 +0300: Memory Usage (1424044K) : metal5_blk has 0 polygons
2026-05-24 17:46:12 +0300: Memory Usage (1424044K) : res_mk has 0 polygons
2026-05-24 17:46:12 +0300: Memory Usage (1424044K) : fusetop has 0 polygons
2026-05-24 17:46:12 +0300: Memory Usage (1424044K) : Starting GF180MCU ANTENNA layer derivations.
2026-05-24 17:46:14 +0300: Memory Usage (1533780K) : Starting GF180MCU ANTENNA DRC rules.
2026-05-24 17:46:14 +0300: Memory Usage (1533780K) : Construct connectivity for POLY
2026-05-24 17:46:15 +0300: Memory Usage (1533780K) : Executing rule ANT.1
2026-05-24 17:46:17 +0300: Memory Usage (1849660K) : Construct connectivity for CONTACT
2026-05-24 17:46:18 +0300: Memory Usage (1755448K) : Executing rule ANT.8
2026-05-24 17:46:23 +0300: Memory Usage (2246344K) : Construct connectivity for METAL1
2026-05-24 17:46:24 +0300: Memory Usage (2057924K) : Executing rule ANT.16_i_ANT.2
2026-05-24 17:46:33 +0300: Memory Usage (2134668K) : Executing rule ANT.16_ii_ANT.2
2026-05-24 17:46:33 +0300: Memory Usage (2134668K) : Construct connectivity for VIA1
2026-05-24 17:46:33 +0300: Memory Usage (2087560K) : Executing rule ANT.16_i_ANT.9
2026-05-24 17:46:41 +0300: Memory Usage (2134668K) : Executing rule ANT.16_ii_ANT.9
2026-05-24 17:46:42 +0300: Memory Usage (2134668K) : Construct connectivity for METAL2
2026-05-24 17:46:42 +0300: Memory Usage (2112140K) : Executing rule ANT.16_i_ANT.3
2026-05-24 17:46:53 +0300: Memory Usage (2345988K) : Executing rule ANT.16_ii_ANT.3
2026-05-24 17:46:54 +0300: Memory Usage (2345988K) : Construct connectivity for VIA2
2026-05-24 17:46:54 +0300: Memory Usage (2251776K) : Executing rule ANT.16_i_ANT.10
2026-05-24 17:47:05 +0300: Memory Usage (2345988K) : Executing rule ANT.16_ii_ANT.10
2026-05-24 17:47:05 +0300: Memory Usage (2345988K) : Construct connectivity for METAL3
2026-05-24 17:47:06 +0300: Memory Usage (2251776K) : Executing rule ANT.16_i_ANT.4
2026-05-24 17:47:19 +0300: Memory Usage (2568200K) : Executing rule ANT.16_ii_ANT.4
2026-05-24 17:47:20 +0300: Memory Usage (2568200K) : Construct connectivity for VIA3
2026-05-24 17:47:20 +0300: Memory Usage (2379780K) : Executing rule ANT.16_i_ANT.11
2026-05-24 17:47:35 +0300: Memory Usage (2655588K) : Executing rule ANT.16_ii_ANT.11
2026-05-24 17:47:36 +0300: Memory Usage (2655588K) : Construct connectivity for METAL4
2026-05-24 17:47:37 +0300: Memory Usage (2467168K) : Executing rule ANT.16_i_ANT.5
2026-05-24 17:47:57 +0300: Memory Usage (2668968K) : Executing rule ANT.16_ii_ANT.5
2026-05-24 17:47:57 +0300: Memory Usage (2668968K) : Construct connectivity for VIA4
2026-05-24 17:47:58 +0300: Memory Usage (2480548K) : Executing rule ANT.16_i_ANT.12
2026-05-24 17:48:18 +0300: Memory Usage (2701828K) : Executing rule ANT.16_ii_ANT.12
2026-05-24 17:48:19 +0300: Memory Usage (2701828K) : Construct connectivity for METAL5
2026-05-24 17:48:19 +0300: Memory Usage (2513408K) : Executing rule ANT.16_i_ANT.6
2026-05-24 17:48:44 +0300: Memory Usage (2709956K) : Executing rule ANT.16_ii_ANT.6
2026-05-24 17:48:45 +0300: Memory Usage (2521536K) : Executing rule ANT.16_iii_ANT.14_MT_MIMB
2026-05-24 17:49:10 +0300: Memory Usage (2709956K) : Antenna DRC total Run time: 190.842855439 seconds
