2026-05-24 17:52:03 +0300: Memory Usage (576948K) : Starting running GF180MCU Klayout DRC runset on build/final_physical/gf180mcu_3v3_12t_2r2w_sram_512x8/layout/gf180mcu_3v3_12t_2r2w_sram_512x8.gds
2026-05-24 17:52:03 +0300: Memory Usage (576948K) : Ruby Version for klayout: 3.2.3
2026-05-24 17:52:03 +0300: Memory Usage (577220K) : Loading database to memory is complete.
2026-05-24 17:52:03 +0300: Memory Usage (577220K) : GF180MCU Klayout antenna DRC runset output at: build/pin_lvs_pex_signoff/gf180mcu_3v3_12t_2r2w_sram_512x8/antenna/gf180mcu_3v3_12t_2r2w_sram_512x8.antenna.lyrdb
2026-05-24 17:52:03 +0300: Memory Usage (577220K) : Evaluate switches.
2026-05-24 17:52:03 +0300: Memory Usage (577220K) : Number of threads to use 1
2026-05-24 17:52:03 +0300: Memory Usage (577220K) : Verbose mode: 
2026-05-24 17:52:03 +0300: Memory Usage (577220K) : flat  mode is enabled.
2026-05-24 17:52:03 +0300: Memory Usage (577220K) : METAL_TOP Selected is 9K
2026-05-24 17:52:03 +0300: Memory Usage (577220K) : METAL_STACK Selected is 5LM
2026-05-24 17:52:03 +0300: Memory Usage (577220K) : MIM Option selected: B
2026-05-24 17:52:03 +0300: Memory Usage (577220K) : Read in polygons from layers.
2026-05-24 17:52:03 +0300: Memory Usage (581728K) : comp has 32768 polygons
2026-05-24 17:52:03 +0300: Memory Usage (581728K) : dualgate has 0 polygons
2026-05-24 17:52:03 +0300: Memory Usage (594980K) : poly2 has 33119 polygons
2026-05-24 17:52:03 +0300: Memory Usage (600424K) : nplus has 1024 polygons
2026-05-24 17:52:04 +0300: Memory Usage (600424K) : pplus has 4096 polygons
2026-05-24 17:52:04 +0300: Memory Usage (602404K) : contact has 122880 polygons
2026-05-24 17:52:04 +0300: Memory Usage (629520K) : metal1_drawn has 86016 polygons
2026-05-24 17:52:04 +0300: Memory Usage (629520K) : metal1_dummy has 1008 polygons
2026-05-24 17:52:04 +0300: Memory Usage (632688K) : metal1_label has 0 polygons
2026-05-24 17:52:04 +0300: Memory Usage (632688K) : metal1_slot has 0 polygons
2026-05-24 17:52:04 +0300: Memory Usage (632688K) : metal1_blk has 0 polygons
2026-05-24 17:52:04 +0300: Memory Usage (632688K) : via1 has 0 polygons
2026-05-24 17:52:04 +0300: Memory Usage (643376K) : metal2_drawn has 61440 polygons
2026-05-24 17:52:04 +0300: Memory Usage (643376K) : metal2_dummy has 1008 polygons
2026-05-24 17:52:04 +0300: Memory Usage (645092K) : metal2_label has 0 polygons
2026-05-24 17:52:04 +0300: Memory Usage (645092K) : metal2_slot has 0 polygons
2026-05-24 17:52:04 +0300: Memory Usage (645092K) : metal2_blk has 0 polygons
2026-05-24 17:52:04 +0300: Memory Usage (645092K) : via2 has 0 polygons
2026-05-24 17:52:04 +0300: Memory Usage (670208K) : metal3_drawn has 49152 polygons
2026-05-24 17:52:04 +0300: Memory Usage (670208K) : metal3_dummy has 1008 polygons
2026-05-24 17:52:04 +0300: Memory Usage (670208K) : metal3_label has 0 polygons
2026-05-24 17:52:04 +0300: Memory Usage (670208K) : metal3_slot has 0 polygons
2026-05-24 17:52:04 +0300: Memory Usage (670208K) : metal3_blk has 0 polygons
2026-05-24 17:52:05 +0300: Memory Usage (670208K) : via3 has 49152 polygons
2026-05-24 17:52:05 +0300: Memory Usage (693736K) : metal4_drawn has 25048 polygons
2026-05-24 17:52:05 +0300: Memory Usage (693736K) : metal4_dummy has 1008 polygons
2026-05-24 17:52:05 +0300: Memory Usage (693736K) : metal4_label has 0 polygons
2026-05-24 17:52:05 +0300: Memory Usage (693736K) : metal4_slot has 0 polygons
2026-05-24 17:52:05 +0300: Memory Usage (693736K) : metal4_blk has 0 polygons
2026-05-24 17:52:05 +0300: Memory Usage (693736K) : via4 has 18623 polygons
2026-05-24 17:52:05 +0300: Memory Usage (693736K) : metal5_drawn has 4562 polygons
2026-05-24 17:52:05 +0300: Memory Usage (693736K) : metal5_dummy has 1008 polygons
2026-05-24 17:52:05 +0300: Memory Usage (693736K) : metal5_label has 0 polygons
2026-05-24 17:52:05 +0300: Memory Usage (693736K) : metal5_slot has 0 polygons
2026-05-24 17:52:05 +0300: Memory Usage (693736K) : metal5_blk has 0 polygons
2026-05-24 17:52:05 +0300: Memory Usage (693736K) : res_mk has 0 polygons
2026-05-24 17:52:05 +0300: Memory Usage (693736K) : fusetop has 0 polygons
2026-05-24 17:52:05 +0300: Memory Usage (693736K) : Starting GF180MCU ANTENNA layer derivations.
2026-05-24 17:52:05 +0300: Memory Usage (735452K) : Starting GF180MCU ANTENNA DRC rules.
2026-05-24 17:52:05 +0300: Memory Usage (735452K) : Construct connectivity for POLY
2026-05-24 17:52:05 +0300: Memory Usage (735452K) : Executing rule ANT.1
2026-05-24 17:52:05 +0300: Memory Usage (751968K) : Construct connectivity for CONTACT
2026-05-24 17:52:06 +0300: Memory Usage (751968K) : Executing rule ANT.8
2026-05-24 17:52:06 +0300: Memory Usage (803844K) : Construct connectivity for METAL1
2026-05-24 17:52:06 +0300: Memory Usage (803844K) : Executing rule ANT.16_i_ANT.2
2026-05-24 17:52:07 +0300: Memory Usage (803844K) : Executing rule ANT.16_ii_ANT.2
2026-05-24 17:52:07 +0300: Memory Usage (803844K) : Construct connectivity for VIA1
2026-05-24 17:52:07 +0300: Memory Usage (803844K) : Executing rule ANT.16_i_ANT.9
2026-05-24 17:52:08 +0300: Memory Usage (803844K) : Executing rule ANT.16_ii_ANT.9
2026-05-24 17:52:08 +0300: Memory Usage (803844K) : Construct connectivity for METAL2
2026-05-24 17:52:08 +0300: Memory Usage (803844K) : Executing rule ANT.16_i_ANT.3
2026-05-24 17:52:09 +0300: Memory Usage (815624K) : Executing rule ANT.16_ii_ANT.3
2026-05-24 17:52:10 +0300: Memory Usage (815624K) : Construct connectivity for VIA2
2026-05-24 17:52:10 +0300: Memory Usage (815624K) : Executing rule ANT.16_i_ANT.10
2026-05-24 17:52:11 +0300: Memory Usage (815624K) : Executing rule ANT.16_ii_ANT.10
2026-05-24 17:52:11 +0300: Memory Usage (815624K) : Construct connectivity for METAL3
2026-05-24 17:52:11 +0300: Memory Usage (815624K) : Executing rule ANT.16_i_ANT.4
2026-05-24 17:52:12 +0300: Memory Usage (839172K) : Executing rule ANT.16_ii_ANT.4
2026-05-24 17:52:12 +0300: Memory Usage (839172K) : Construct connectivity for VIA3
2026-05-24 17:52:13 +0300: Memory Usage (839172K) : Executing rule ANT.16_i_ANT.11
2026-05-24 17:52:14 +0300: Memory Usage (870716K) : Executing rule ANT.16_ii_ANT.11
2026-05-24 17:52:14 +0300: Memory Usage (870716K) : Construct connectivity for METAL4
2026-05-24 17:52:14 +0300: Memory Usage (810356K) : Executing rule ANT.16_i_ANT.5
2026-05-24 17:52:17 +0300: Memory Usage (870772K) : Executing rule ANT.16_ii_ANT.5
2026-05-24 17:52:17 +0300: Memory Usage (870772K) : Construct connectivity for VIA4
2026-05-24 17:52:17 +0300: Memory Usage (870772K) : Executing rule ANT.16_i_ANT.12
2026-05-24 17:52:19 +0300: Memory Usage (882556K) : Executing rule ANT.16_ii_ANT.12
2026-05-24 17:52:19 +0300: Memory Usage (882556K) : Construct connectivity for METAL5
2026-05-24 17:52:19 +0300: Memory Usage (823104K) : Executing rule ANT.16_i_ANT.6
2026-05-24 17:52:22 +0300: Memory Usage (883520K) : Executing rule ANT.16_ii_ANT.6
2026-05-24 17:52:22 +0300: Memory Usage (823088K) : Executing rule ANT.16_iii_ANT.14_MT_MIMB
2026-05-24 17:52:25 +0300: Memory Usage (883504K) : Antenna DRC total Run time: 21.701994677 seconds
