2026-05-24 17:45:41 +0300: Memory Usage (576824K) : Starting running GF180MCU Klayout DRC runset on build/final_physical/gf180mcu_3v3_12t_2r2w_sram_1024x32/layout/gf180mcu_3v3_12t_2r2w_sram_1024x32.gds
2026-05-24 17:45:41 +0300: Memory Usage (576824K) : Ruby Version for klayout: 3.2.3
2026-05-24 17:45:41 +0300: Memory Usage (579684K) : Loading database to memory is complete.
2026-05-24 17:45:41 +0300: Memory Usage (579684K) : GF180MCU Klayout density DRC runset output at: build/pin_lvs_pex_signoff/gf180mcu_3v3_12t_2r2w_sram_1024x32/density/gf180mcu_3v3_12t_2r2w_sram_1024x32.density.lyrdb
2026-05-24 17:45:41 +0300: Memory Usage (579684K) : Evaluate switches.
2026-05-24 17:45:41 +0300: Memory Usage (579684K) : Number of threads to use 1
2026-05-24 17:45:41 +0300: Memory Usage (579684K) : Verbose mode: 
2026-05-24 17:45:41 +0300: Memory Usage (579684K) : flat  mode is enabled.
2026-05-24 17:45:41 +0300: Memory Usage (579684K) : METAL_TOP Selected is 9K
2026-05-24 17:45:41 +0300: Memory Usage (579684K) : METAL_STACK Selected is 5LM
2026-05-24 17:45:41 +0300: Memory Usage (579684K) : Read in polygons from layers.
2026-05-24 17:45:41 +0300: Memory Usage (579828K) : dualgate has 0 polygons
2026-05-24 17:45:41 +0300: Memory Usage (639696K) : poly2 has 263234 polygons
2026-05-24 17:45:43 +0300: Memory Usage (732720K) : contact has 983040 polygons
2026-05-24 17:45:45 +0300: Memory Usage (916548K) : metal1_drawn has 688128 polygons
2026-05-24 17:45:45 +0300: Memory Usage (916548K) : metal1_dummy has 5964 polygons
2026-05-24 17:45:45 +0300: Memory Usage (1000012K) : metal1_label has 0 polygons
2026-05-24 17:45:45 +0300: Memory Usage (1000012K) : metal1_slot has 0 polygons
2026-05-24 17:45:45 +0300: Memory Usage (1000012K) : metal1_blk has 0 polygons
2026-05-24 17:45:45 +0300: Memory Usage (1000012K) : via1 has 0 polygons
2026-05-24 17:45:46 +0300: Memory Usage (1003708K) : metal2_drawn has 491520 polygons
2026-05-24 17:45:46 +0300: Memory Usage (1003708K) : metal2_dummy has 5964 polygons
2026-05-24 17:45:46 +0300: Memory Usage (1094392K) : metal2_label has 0 polygons
2026-05-24 17:45:46 +0300: Memory Usage (1094392K) : metal2_slot has 0 polygons
2026-05-24 17:45:46 +0300: Memory Usage (1094392K) : metal2_blk has 0 polygons
2026-05-24 17:45:46 +0300: Memory Usage (1094392K) : via2 has 0 polygons
2026-05-24 17:45:49 +0300: Memory Usage (1176200K) : metal3_drawn has 393216 polygons
2026-05-24 17:45:49 +0300: Memory Usage (1176200K) : metal3_dummy has 5964 polygons
2026-05-24 17:45:49 +0300: Memory Usage (1218804K) : metal3_label has 0 polygons
2026-05-24 17:45:49 +0300: Memory Usage (1218804K) : metal3_slot has 0 polygons
2026-05-24 17:45:49 +0300: Memory Usage (1218804K) : metal3_blk has 0 polygons
2026-05-24 17:45:49 +0300: Memory Usage (1239372K) : via3 has 393216 polygons
2026-05-24 17:45:51 +0300: Memory Usage (1302848K) : metal4_drawn has 197776 polygons
2026-05-24 17:45:51 +0300: Memory Usage (1302848K) : metal4_dummy has 5964 polygons
2026-05-24 17:45:51 +0300: Memory Usage (1326108K) : metal4_label has 0 polygons
2026-05-24 17:45:51 +0300: Memory Usage (1326108K) : metal4_slot has 0 polygons
2026-05-24 17:45:51 +0300: Memory Usage (1326108K) : metal4_blk has 0 polygons
2026-05-24 17:45:51 +0300: Memory Usage (1354968K) : via4 has 148950 polygons
2026-05-24 17:45:51 +0300: Memory Usage (1383640K) : metal5_drawn has 36027 polygons
2026-05-24 17:45:52 +0300: Memory Usage (1383640K) : metal5_dummy has 5964 polygons
2026-05-24 17:45:52 +0300: Memory Usage (1383640K) : metal5_label has 0 polygons
2026-05-24 17:45:52 +0300: Memory Usage (1383640K) : metal5_slot has 0 polygons
2026-05-24 17:45:52 +0300: Memory Usage (1383640K) : metal5_blk has 0 polygons
2026-05-24 17:45:52 +0300: Memory Usage (1383640K) : Starting GF180MCU DENSITY layer derivations.
2026-05-24 17:45:52 +0300: Memory Usage (1383640K) : Starting GF180MCU DENSITY DRC rules.
2026-05-24 17:45:52 +0300: Memory Usage (1383640K) : Executing rule PL.8
2026-05-24 17:45:52 +0300: Memory Usage (1383640K) : Executing rule M1.4
2026-05-24 17:45:54 +0300: Memory Usage (1438800K) : Executing rule M2.4
2026-05-24 17:45:55 +0300: Memory Usage (1465452K) : Executing rule M3.4
2026-05-24 17:45:56 +0300: Memory Usage (1476456K) : Executing rule M4.4
2026-05-24 17:45:58 +0300: Memory Usage (1538456K) : Executing rule M5.4
2026-05-24 17:45:58 +0300: Memory Usage (1538456K) : Executing rule MT.3
2026-05-24 17:45:58 +0300: Memory Usage (1538456K) : DRC Total Run time 17.308526 seconds
