2026-05-26 01:46:58 +0300: Memory Usage (576944K) : Starting running GF180MCU Klayout DRC runset on /home/yevhenii/gf180mcu-3v3-12t-2r2w-sram-macro/macros/gf180mcu_3v3_12t_2r2w_sram_1024x8/layout/gf180mcu_3v3_12t_2r2w_sram_1024x8.gds
2026-05-26 01:46:58 +0300: Memory Usage (576944K) : Ruby Version for klayout: 3.2.3
2026-05-26 01:46:58 +0300: Memory Usage (579748K) : Loading database to memory is complete.
2026-05-26 01:46:58 +0300: Memory Usage (579748K) : GF180MCU Klayout antenna DRC runset output at: /home/yevhenii/gf180mcu-3v3-12t-2r2w-sram-macro/reports/local_signoff_full/gf180mcu_3v3_12t_2r2w_sram_1024x8/antenna/gf180mcu_3v3_12t_2r2w_sram_1024x8.antenna.lyrdb
2026-05-26 01:46:58 +0300: Memory Usage (579748K) : Evaluate switches.
2026-05-26 01:46:58 +0300: Memory Usage (579748K) : Number of threads to use 1
2026-05-26 01:46:58 +0300: Memory Usage (579748K) : Verbose mode: 
2026-05-26 01:46:58 +0300: Memory Usage (579748K) : flat  mode is enabled.
2026-05-26 01:46:58 +0300: Memory Usage (579748K) : METAL_TOP Selected is 9K
2026-05-26 01:46:58 +0300: Memory Usage (579748K) : METAL_STACK Selected is 5LM
2026-05-26 01:46:58 +0300: Memory Usage (579748K) : MIM Option selected: B
2026-05-26 01:46:58 +0300: Memory Usage (579748K) : Read in polygons from layers.
2026-05-26 01:46:59 +0300: Memory Usage (601052K) : comp has 71448 polygons
2026-05-26 01:46:59 +0300: Memory Usage (601052K) : dualgate has 0 polygons
2026-05-26 01:46:59 +0300: Memory Usage (635476K) : poly2 has 66602 polygons
2026-05-26 01:46:59 +0300: Memory Usage (635476K) : nplus has 2856 polygons
2026-05-26 01:46:59 +0300: Memory Usage (659440K) : pplus has 9014 polygons
2026-05-26 01:47:00 +0300: Memory Usage (669868K) : contact has 287306 polygons
2026-05-26 01:47:01 +0300: Memory Usage (700252K) : metal1_drawn has 180952 polygons
2026-05-26 01:47:01 +0300: Memory Usage (700252K) : metal1_dummy has 1771 polygons
2026-05-26 01:47:01 +0300: Memory Usage (713264K) : metal1_label has 7007 polygons
2026-05-26 01:47:01 +0300: Memory Usage (713264K) : metal1_slot has 0 polygons
2026-05-26 01:47:01 +0300: Memory Usage (713264K) : metal1_blk has 0 polygons
2026-05-26 01:47:01 +0300: Memory Usage (713264K) : via1 has 6044 polygons
2026-05-26 01:47:01 +0300: Memory Usage (735320K) : metal2_drawn has 127383 polygons
2026-05-26 01:47:01 +0300: Memory Usage (735320K) : metal2_dummy has 1771 polygons
2026-05-26 01:47:01 +0300: Memory Usage (739412K) : metal2_label has 0 polygons
2026-05-26 01:47:01 +0300: Memory Usage (739412K) : metal2_slot has 0 polygons
2026-05-26 01:47:01 +0300: Memory Usage (739412K) : metal2_blk has 0 polygons
2026-05-26 01:47:01 +0300: Memory Usage (739412K) : via2 has 8668 polygons
2026-05-26 01:47:02 +0300: Memory Usage (776652K) : metal3_drawn has 98787 polygons
2026-05-26 01:47:02 +0300: Memory Usage (776652K) : metal3_dummy has 1771 polygons
2026-05-26 01:47:02 +0300: Memory Usage (776652K) : metal3_label has 0 polygons
2026-05-26 01:47:02 +0300: Memory Usage (776652K) : metal3_slot has 0 polygons
2026-05-26 01:47:02 +0300: Memory Usage (776652K) : metal3_blk has 0 polygons
2026-05-26 01:47:02 +0300: Memory Usage (794196K) : via3 has 98996 polygons
2026-05-26 01:47:02 +0300: Memory Usage (811156K) : metal4_drawn has 47284 polygons
2026-05-26 01:47:02 +0300: Memory Usage (811156K) : metal4_dummy has 1771 polygons
2026-05-26 01:47:02 +0300: Memory Usage (811156K) : metal4_label has 0 polygons
2026-05-26 01:47:02 +0300: Memory Usage (811156K) : metal4_slot has 0 polygons
2026-05-26 01:47:02 +0300: Memory Usage (811156K) : metal4_blk has 0 polygons
2026-05-26 01:47:02 +0300: Memory Usage (811156K) : via4 has 37269 polygons
2026-05-26 01:47:02 +0300: Memory Usage (827320K) : metal5_drawn has 9112 polygons
2026-05-26 01:47:02 +0300: Memory Usage (827320K) : metal5_dummy has 1771 polygons
2026-05-26 01:47:02 +0300: Memory Usage (827320K) : metal5_label has 0 polygons
2026-05-26 01:47:02 +0300: Memory Usage (827320K) : metal5_slot has 0 polygons
2026-05-26 01:47:02 +0300: Memory Usage (827320K) : metal5_blk has 0 polygons
2026-05-26 01:47:02 +0300: Memory Usage (827320K) : res_mk has 0 polygons
2026-05-26 01:47:02 +0300: Memory Usage (827320K) : fusetop has 0 polygons
2026-05-26 01:47:02 +0300: Memory Usage (827320K) : Starting GF180MCU ANTENNA layer derivations.
2026-05-26 01:47:03 +0300: Memory Usage (869180K) : Starting GF180MCU ANTENNA DRC rules.
2026-05-26 01:47:03 +0300: Memory Usage (869180K) : Construct connectivity for POLY
2026-05-26 01:47:03 +0300: Memory Usage (869180K) : Executing rule ANT.1
2026-05-26 01:47:04 +0300: Memory Usage (961680K) : Construct connectivity for CONTACT
2026-05-26 01:47:04 +0300: Memory Usage (961680K) : Executing rule ANT.8
2026-05-26 01:47:05 +0300: Memory Usage (1075296K) : Construct connectivity for METAL1
2026-05-26 01:47:06 +0300: Memory Usage (1028188K) : Executing rule ANT.16_i_ANT.2
2026-05-26 01:47:08 +0300: Memory Usage (1052764K) : Executing rule ANT.16_ii_ANT.2
2026-05-26 01:47:08 +0300: Memory Usage (1052764K) : Construct connectivity for VIA1
2026-05-26 01:47:08 +0300: Memory Usage (1052764K) : Executing rule ANT.16_i_ANT.9
2026-05-26 01:47:10 +0300: Memory Usage (1052764K) : Executing rule ANT.16_ii_ANT.9
2026-05-26 01:47:10 +0300: Memory Usage (1052764K) : Construct connectivity for METAL2
2026-05-26 01:47:11 +0300: Memory Usage (1052764K) : Executing rule ANT.16_i_ANT.3
2026-05-26 01:47:13 +0300: Memory Usage (1135712K) : Executing rule ANT.16_ii_ANT.3
2026-05-26 01:47:14 +0300: Memory Usage (1135712K) : Construct connectivity for VIA2
2026-05-26 01:47:14 +0300: Memory Usage (1088604K) : Executing rule ANT.16_i_ANT.10
2026-05-26 01:47:17 +0300: Memory Usage (1151180K) : Executing rule ANT.16_ii_ANT.10
2026-05-26 01:47:17 +0300: Memory Usage (1151180K) : Construct connectivity for METAL3
2026-05-26 01:47:17 +0300: Memory Usage (1104072K) : Executing rule ANT.16_i_ANT.4
2026-05-26 01:47:21 +0300: Memory Usage (1151180K) : Executing rule ANT.16_ii_ANT.4
2026-05-26 01:47:21 +0300: Memory Usage (1151180K) : Construct connectivity for VIA3
2026-05-26 01:47:21 +0300: Memory Usage (1104072K) : Executing rule ANT.16_i_ANT.11
2026-05-26 01:47:25 +0300: Memory Usage (1153720K) : Executing rule ANT.16_ii_ANT.11
2026-05-26 01:47:26 +0300: Memory Usage (1153720K) : Construct connectivity for METAL4
2026-05-26 01:47:26 +0300: Memory Usage (1106612K) : Executing rule ANT.16_i_ANT.5
2026-05-26 01:47:31 +0300: Memory Usage (1174540K) : Executing rule ANT.16_ii_ANT.5
2026-05-26 01:47:32 +0300: Memory Usage (1174540K) : Construct connectivity for VIA4
2026-05-26 01:47:32 +0300: Memory Usage (1127432K) : Executing rule ANT.16_i_ANT.12
2026-05-26 01:47:37 +0300: Memory Usage (1175396K) : Executing rule ANT.16_ii_ANT.12
2026-05-26 01:47:38 +0300: Memory Usage (1175396K) : Construct connectivity for METAL5
2026-05-26 01:47:38 +0300: Memory Usage (1128288K) : Executing rule ANT.16_i_ANT.6
2026-05-26 01:47:44 +0300: Memory Usage (1195916K) : Executing rule ANT.16_ii_ANT.6
2026-05-26 01:47:45 +0300: Memory Usage (1148808K) : Executing rule ANT.16_iii_ANT.14_MT_MIMB
2026-05-26 01:47:51 +0300: Memory Usage (1195916K) : Antenna DRC total Run time: 52.687169964 seconds
