
Subcircuit summary:
Circuit 1: gf180mcu_3v3_12t_sram_ctrl_nand3     |Circuit 2: gf180mcu_3v3_12t_sram_ctrl_nand3     
-------------------------------------------|-------------------------------------------
pfet_03v3 (3)                              |pfet_03v3 (3)                              
nfet_03v3 (3)                              |nfet_03v3 (3)                              
Number of devices: 6                       |Number of devices: 6                       
Number of nets: 8                          |Number of nets: 8                          
---------------------------------------------------------------------------------------
Circuits match uniquely.
Netlists match uniquely.

Subcircuit pins:
Circuit 1: gf180mcu_3v3_12t_sram_ctrl_nand3     |Circuit 2: gf180mcu_3v3_12t_sram_ctrl_nand3     
-------------------------------------------|-------------------------------------------
Y                                          |Y                                          
VSS                                        |VSS                                        
B                                          |B                                          
C                                          |C                                          
A                                          |A                                          
VDD                                        |VDD                                        
---------------------------------------------------------------------------------------
Cell pin lists are equivalent.
Device classes gf180mcu_3v3_12t_sram_ctrl_nand3 and gf180mcu_3v3_12t_sram_ctrl_nand3 are equivalent.
Circuits match uniquely.
