
Subcircuit summary:
Circuit 1: detronyx_12t_ctrl_inv_rc7       |Circuit 2: detronyx_12t_ctrl_inv_rc7       
-------------------------------------------|-------------------------------------------
nfet_03v3 (1)                              |nfet_03v3 (1)                              
pfet_03v3 (1)                              |pfet_03v3 (1)                              
Number of devices: 2                       |Number of devices: 2                       
Number of nets: 4                          |Number of nets: 4                          
---------------------------------------------------------------------------------------
Circuits match uniquely.
Netlists match uniquely.

Subcircuit pins:
Circuit 1: detronyx_12t_ctrl_inv_rc7       |Circuit 2: detronyx_12t_ctrl_inv_rc7       
-------------------------------------------|-------------------------------------------
Y                                          |Y                                          
A                                          |A                                          
VSS                                        |VSS                                        
VDD                                        |VDD                                        
---------------------------------------------------------------------------------------
Cell pin lists are equivalent.
Device classes detronyx_12t_ctrl_inv_rc7 and detronyx_12t_ctrl_inv_rc7 are equivalent.
Circuits match uniquely.
