2026-05-24 17:49:15 +0300: Memory Usage (576828K) : Starting running GF180MCU Klayout DRC runset on build/final_physical/gf180mcu_3v3_12t_2r2w_sram_1024x8/layout/gf180mcu_3v3_12t_2r2w_sram_1024x8.gds
2026-05-24 17:49:15 +0300: Memory Usage (576828K) : Ruby Version for klayout: 3.2.3
2026-05-24 17:49:15 +0300: Memory Usage (577540K) : Loading database to memory is complete.
2026-05-24 17:49:15 +0300: Memory Usage (577540K) : GF180MCU Klayout density DRC runset output at: build/pin_lvs_pex_signoff/gf180mcu_3v3_12t_2r2w_sram_1024x8/density/gf180mcu_3v3_12t_2r2w_sram_1024x8.density.lyrdb
2026-05-24 17:49:15 +0300: Memory Usage (577540K) : Evaluate switches.
2026-05-24 17:49:15 +0300: Memory Usage (577540K) : Number of threads to use 1
2026-05-24 17:49:15 +0300: Memory Usage (577540K) : Verbose mode: 
2026-05-24 17:49:15 +0300: Memory Usage (577540K) : flat  mode is enabled.
2026-05-24 17:49:15 +0300: Memory Usage (577540K) : METAL_TOP Selected is 9K
2026-05-24 17:49:15 +0300: Memory Usage (577540K) : METAL_STACK Selected is 5LM
2026-05-24 17:49:15 +0300: Memory Usage (577540K) : Read in polygons from layers.
2026-05-24 17:49:15 +0300: Memory Usage (577760K) : dualgate has 0 polygons
2026-05-24 17:49:15 +0300: Memory Usage (590864K) : poly2 has 66107 polygons
2026-05-24 17:49:16 +0300: Memory Usage (619320K) : contact has 245760 polygons
2026-05-24 17:49:16 +0300: Memory Usage (674372K) : metal1_drawn has 172032 polygons
2026-05-24 17:49:16 +0300: Memory Usage (674372K) : metal1_dummy has 1848 polygons
2026-05-24 17:49:16 +0300: Memory Usage (680708K) : metal1_label has 0 polygons
2026-05-24 17:49:16 +0300: Memory Usage (680708K) : metal1_slot has 0 polygons
2026-05-24 17:49:16 +0300: Memory Usage (680708K) : metal1_blk has 0 polygons
2026-05-24 17:49:16 +0300: Memory Usage (680708K) : via1 has 0 polygons
2026-05-24 17:49:16 +0300: Memory Usage (701592K) : metal2_drawn has 122880 polygons
2026-05-24 17:49:16 +0300: Memory Usage (701592K) : metal2_dummy has 1848 polygons
2026-05-24 17:49:16 +0300: Memory Usage (704892K) : metal2_label has 0 polygons
2026-05-24 17:49:16 +0300: Memory Usage (704892K) : metal2_slot has 0 polygons
2026-05-24 17:49:16 +0300: Memory Usage (704892K) : metal2_blk has 0 polygons
2026-05-24 17:49:16 +0300: Memory Usage (704892K) : via2 has 0 polygons
2026-05-24 17:49:17 +0300: Memory Usage (755184K) : metal3_drawn has 98304 polygons
2026-05-24 17:49:17 +0300: Memory Usage (755184K) : metal3_dummy has 1848 polygons
2026-05-24 17:49:17 +0300: Memory Usage (755184K) : metal3_label has 0 polygons
2026-05-24 17:49:17 +0300: Memory Usage (755184K) : metal3_slot has 0 polygons
2026-05-24 17:49:17 +0300: Memory Usage (755184K) : metal3_blk has 0 polygons
2026-05-24 17:49:17 +0300: Memory Usage (755184K) : via3 has 98304 polygons
2026-05-24 17:49:18 +0300: Memory Usage (805040K) : metal4_drawn has 50040 polygons
2026-05-24 17:49:18 +0300: Memory Usage (805040K) : metal4_dummy has 1848 polygons
2026-05-24 17:49:18 +0300: Memory Usage (805040K) : metal4_label has 0 polygons
2026-05-24 17:49:18 +0300: Memory Usage (805040K) : metal4_slot has 0 polygons
2026-05-24 17:49:18 +0300: Memory Usage (805040K) : metal4_blk has 0 polygons
2026-05-24 17:49:18 +0300: Memory Usage (805040K) : via4 has 37237 polygons
2026-05-24 17:49:18 +0300: Memory Usage (805040K) : metal5_drawn has 9111 polygons
2026-05-24 17:49:18 +0300: Memory Usage (805040K) : metal5_dummy has 1848 polygons
2026-05-24 17:49:18 +0300: Memory Usage (805040K) : metal5_label has 0 polygons
2026-05-24 17:49:18 +0300: Memory Usage (805040K) : metal5_slot has 0 polygons
2026-05-24 17:49:18 +0300: Memory Usage (805040K) : metal5_blk has 0 polygons
2026-05-24 17:49:18 +0300: Memory Usage (805040K) : Starting GF180MCU DENSITY layer derivations.
2026-05-24 17:49:18 +0300: Memory Usage (805040K) : Starting GF180MCU DENSITY DRC rules.
2026-05-24 17:49:18 +0300: Memory Usage (805040K) : Executing rule PL.8
2026-05-24 17:49:18 +0300: Memory Usage (805040K) : Executing rule M1.4
2026-05-24 17:49:18 +0300: Memory Usage (805040K) : Executing rule M2.4
2026-05-24 17:49:19 +0300: Memory Usage (815048K) : Executing rule M3.4
2026-05-24 17:49:19 +0300: Memory Usage (815048K) : Executing rule M4.4
2026-05-24 17:49:19 +0300: Memory Usage (845832K) : Executing rule M5.4
2026-05-24 17:49:19 +0300: Memory Usage (845832K) : Executing rule MT.3
2026-05-24 17:49:19 +0300: Memory Usage (845832K) : DRC Total Run time 4.296808 seconds
