2026-05-24 17:49:20 +0300: Memory Usage (576976K) : Starting running GF180MCU Klayout DRC runset on build/final_physical/gf180mcu_3v3_12t_2r2w_sram_1024x8/layout/gf180mcu_3v3_12t_2r2w_sram_1024x8.gds
2026-05-24 17:49:20 +0300: Memory Usage (576976K) : Ruby Version for klayout: 3.2.3
2026-05-24 17:49:20 +0300: Memory Usage (577576K) : Loading database to memory is complete.
2026-05-24 17:49:20 +0300: Memory Usage (577576K) : GF180MCU Klayout antenna DRC runset output at: build/pin_lvs_pex_signoff/gf180mcu_3v3_12t_2r2w_sram_1024x8/antenna/gf180mcu_3v3_12t_2r2w_sram_1024x8.antenna.lyrdb
2026-05-24 17:49:20 +0300: Memory Usage (577576K) : Evaluate switches.
2026-05-24 17:49:20 +0300: Memory Usage (577576K) : Number of threads to use 1
2026-05-24 17:49:20 +0300: Memory Usage (577576K) : Verbose mode: 
2026-05-24 17:49:20 +0300: Memory Usage (577576K) : flat  mode is enabled.
2026-05-24 17:49:20 +0300: Memory Usage (577576K) : METAL_TOP Selected is 9K
2026-05-24 17:49:20 +0300: Memory Usage (577576K) : METAL_STACK Selected is 5LM
2026-05-24 17:49:20 +0300: Memory Usage (577576K) : MIM Option selected: B
2026-05-24 17:49:20 +0300: Memory Usage (577576K) : Read in polygons from layers.
2026-05-24 17:49:20 +0300: Memory Usage (588976K) : comp has 65536 polygons
2026-05-24 17:49:20 +0300: Memory Usage (588976K) : dualgate has 0 polygons
2026-05-24 17:49:20 +0300: Memory Usage (615208K) : poly2 has 66107 polygons
2026-05-24 17:49:21 +0300: Memory Usage (626076K) : nplus has 2048 polygons
2026-05-24 17:49:21 +0300: Memory Usage (626076K) : pplus has 8192 polygons
2026-05-24 17:49:21 +0300: Memory Usage (629376K) : contact has 245760 polygons
2026-05-24 17:49:22 +0300: Memory Usage (684716K) : metal1_drawn has 172032 polygons
2026-05-24 17:49:22 +0300: Memory Usage (684716K) : metal1_dummy has 1848 polygons
2026-05-24 17:49:22 +0300: Memory Usage (690920K) : metal1_label has 0 polygons
2026-05-24 17:49:22 +0300: Memory Usage (690920K) : metal1_slot has 0 polygons
2026-05-24 17:49:22 +0300: Memory Usage (690920K) : metal1_blk has 0 polygons
2026-05-24 17:49:22 +0300: Memory Usage (690920K) : via1 has 0 polygons
2026-05-24 17:49:22 +0300: Memory Usage (711724K) : metal2_drawn has 122880 polygons
2026-05-24 17:49:22 +0300: Memory Usage (711724K) : metal2_dummy has 1848 polygons
2026-05-24 17:49:22 +0300: Memory Usage (715024K) : metal2_label has 0 polygons
2026-05-24 17:49:22 +0300: Memory Usage (715024K) : metal2_slot has 0 polygons
2026-05-24 17:49:22 +0300: Memory Usage (715024K) : metal2_blk has 0 polygons
2026-05-24 17:49:22 +0300: Memory Usage (715024K) : via2 has 0 polygons
2026-05-24 17:49:23 +0300: Memory Usage (765312K) : metal3_drawn has 98304 polygons
2026-05-24 17:49:23 +0300: Memory Usage (765312K) : metal3_dummy has 1848 polygons
2026-05-24 17:49:23 +0300: Memory Usage (765312K) : metal3_label has 0 polygons
2026-05-24 17:49:23 +0300: Memory Usage (765312K) : metal3_slot has 0 polygons
2026-05-24 17:49:23 +0300: Memory Usage (765312K) : metal3_blk has 0 polygons
2026-05-24 17:49:23 +0300: Memory Usage (765312K) : via3 has 98304 polygons
2026-05-24 17:49:23 +0300: Memory Usage (813804K) : metal4_drawn has 50040 polygons
2026-05-24 17:49:23 +0300: Memory Usage (813804K) : metal4_dummy has 1848 polygons
2026-05-24 17:49:23 +0300: Memory Usage (813804K) : metal4_label has 0 polygons
2026-05-24 17:49:23 +0300: Memory Usage (813804K) : metal4_slot has 0 polygons
2026-05-24 17:49:23 +0300: Memory Usage (813804K) : metal4_blk has 0 polygons
2026-05-24 17:49:23 +0300: Memory Usage (813804K) : via4 has 37237 polygons
2026-05-24 17:49:23 +0300: Memory Usage (813804K) : metal5_drawn has 9111 polygons
2026-05-24 17:49:23 +0300: Memory Usage (813804K) : metal5_dummy has 1848 polygons
2026-05-24 17:49:23 +0300: Memory Usage (813804K) : metal5_label has 0 polygons
2026-05-24 17:49:23 +0300: Memory Usage (813804K) : metal5_slot has 0 polygons
2026-05-24 17:49:23 +0300: Memory Usage (813804K) : metal5_blk has 0 polygons
2026-05-24 17:49:23 +0300: Memory Usage (813804K) : res_mk has 0 polygons
2026-05-24 17:49:23 +0300: Memory Usage (813804K) : fusetop has 0 polygons
2026-05-24 17:49:23 +0300: Memory Usage (813804K) : Starting GF180MCU ANTENNA layer derivations.
2026-05-24 17:49:24 +0300: Memory Usage (840648K) : Starting GF180MCU ANTENNA DRC rules.
2026-05-24 17:49:24 +0300: Memory Usage (840648K) : Construct connectivity for POLY
2026-05-24 17:49:24 +0300: Memory Usage (840648K) : Executing rule ANT.1
2026-05-24 17:49:25 +0300: Memory Usage (929080K) : Construct connectivity for CONTACT
2026-05-24 17:49:25 +0300: Memory Usage (929080K) : Executing rule ANT.8
2026-05-24 17:49:26 +0300: Memory Usage (1032844K) : Construct connectivity for METAL1
2026-05-24 17:49:26 +0300: Memory Usage (985736K) : Executing rule ANT.16_i_ANT.2
2026-05-24 17:49:28 +0300: Memory Usage (987320K) : Executing rule ANT.16_ii_ANT.2
2026-05-24 17:49:28 +0300: Memory Usage (987320K) : Construct connectivity for VIA1
2026-05-24 17:49:28 +0300: Memory Usage (987320K) : Executing rule ANT.16_i_ANT.9
2026-05-24 17:49:30 +0300: Memory Usage (1010408K) : Executing rule ANT.16_ii_ANT.9
2026-05-24 17:49:30 +0300: Memory Usage (1010408K) : Construct connectivity for METAL2
2026-05-24 17:49:30 +0300: Memory Usage (1010408K) : Executing rule ANT.16_i_ANT.3
2026-05-24 17:49:33 +0300: Memory Usage (1038052K) : Executing rule ANT.16_ii_ANT.3
2026-05-24 17:49:33 +0300: Memory Usage (1038052K) : Construct connectivity for VIA2
2026-05-24 17:49:33 +0300: Memory Usage (1038052K) : Executing rule ANT.16_i_ANT.10
2026-05-24 17:49:35 +0300: Memory Usage (1061576K) : Executing rule ANT.16_ii_ANT.10
2026-05-24 17:49:36 +0300: Memory Usage (1061576K) : Construct connectivity for METAL3
2026-05-24 17:49:36 +0300: Memory Usage (1061576K) : Executing rule ANT.16_i_ANT.4
2026-05-24 17:49:39 +0300: Memory Usage (1108684K) : Executing rule ANT.16_ii_ANT.4
2026-05-24 17:49:39 +0300: Memory Usage (1108684K) : Construct connectivity for VIA3
2026-05-24 17:49:39 +0300: Memory Usage (1061576K) : Executing rule ANT.16_i_ANT.11
2026-05-24 17:49:43 +0300: Memory Usage (1113660K) : Executing rule ANT.16_ii_ANT.11
2026-05-24 17:49:43 +0300: Memory Usage (1113660K) : Construct connectivity for METAL4
2026-05-24 17:49:43 +0300: Memory Usage (1066552K) : Executing rule ANT.16_i_ANT.5
2026-05-24 17:49:47 +0300: Memory Usage (1114880K) : Executing rule ANT.16_ii_ANT.5
2026-05-24 17:49:48 +0300: Memory Usage (1114880K) : Construct connectivity for VIA4
2026-05-24 17:49:48 +0300: Memory Usage (1067772K) : Executing rule ANT.16_i_ANT.12
2026-05-24 17:49:52 +0300: Memory Usage (1133312K) : Executing rule ANT.16_ii_ANT.12
2026-05-24 17:49:53 +0300: Memory Usage (1133312K) : Construct connectivity for METAL5
2026-05-24 17:49:53 +0300: Memory Usage (1086204K) : Executing rule ANT.16_i_ANT.6
2026-05-24 17:49:58 +0300: Memory Usage (1156344K) : Executing rule ANT.16_ii_ANT.6
2026-05-24 17:49:59 +0300: Memory Usage (1109236K) : Executing rule ANT.16_iii_ANT.14_MT_MIMB
2026-05-24 17:50:04 +0300: Memory Usage (1156344K) : Antenna DRC total Run time: 44.151204478 seconds
