2026-05-24 17:50:24 +0300: Memory Usage (576948K) : Starting running GF180MCU Klayout DRC runset on build/final_physical/gf180mcu_3v3_12t_2r2w_sram_512x32/layout/gf180mcu_3v3_12t_2r2w_sram_512x32.gds
2026-05-24 17:50:24 +0300: Memory Usage (576948K) : Ruby Version for klayout: 3.2.3
2026-05-24 17:50:24 +0300: Memory Usage (578296K) : Loading database to memory is complete.
2026-05-24 17:50:24 +0300: Memory Usage (578296K) : GF180MCU Klayout antenna DRC runset output at: build/pin_lvs_pex_signoff/gf180mcu_3v3_12t_2r2w_sram_512x32/antenna/gf180mcu_3v3_12t_2r2w_sram_512x32.antenna.lyrdb
2026-05-24 17:50:24 +0300: Memory Usage (578296K) : Evaluate switches.
2026-05-24 17:50:24 +0300: Memory Usage (578296K) : Number of threads to use 1
2026-05-24 17:50:24 +0300: Memory Usage (578296K) : Verbose mode: 
2026-05-24 17:50:24 +0300: Memory Usage (578296K) : flat  mode is enabled.
2026-05-24 17:50:24 +0300: Memory Usage (578296K) : METAL_TOP Selected is 9K
2026-05-24 17:50:24 +0300: Memory Usage (578296K) : METAL_STACK Selected is 5LM
2026-05-24 17:50:24 +0300: Memory Usage (578296K) : MIM Option selected: B
2026-05-24 17:50:24 +0300: Memory Usage (578296K) : Read in polygons from layers.
2026-05-24 17:50:25 +0300: Memory Usage (603776K) : comp has 131072 polygons
2026-05-24 17:50:25 +0300: Memory Usage (603776K) : dualgate has 0 polygons
2026-05-24 17:50:25 +0300: Memory Usage (631172K) : poly2 has 131733 polygons
2026-05-24 17:50:26 +0300: Memory Usage (675784K) : nplus has 4096 polygons
2026-05-24 17:50:26 +0300: Memory Usage (675784K) : pplus has 16384 polygons
2026-05-24 17:50:26 +0300: Memory Usage (684364K) : contact has 491520 polygons
2026-05-24 17:50:28 +0300: Memory Usage (766144K) : metal1_drawn has 344064 polygons
2026-05-24 17:50:28 +0300: Memory Usage (766144K) : metal1_dummy has 3124 polygons
2026-05-24 17:50:28 +0300: Memory Usage (807420K) : metal1_label has 0 polygons
2026-05-24 17:50:28 +0300: Memory Usage (807420K) : metal1_slot has 0 polygons
2026-05-24 17:50:28 +0300: Memory Usage (807420K) : metal1_blk has 0 polygons
2026-05-24 17:50:28 +0300: Memory Usage (807420K) : via1 has 0 polygons
2026-05-24 17:50:28 +0300: Memory Usage (809664K) : metal2_drawn has 245760 polygons
2026-05-24 17:50:28 +0300: Memory Usage (809664K) : metal2_dummy has 3124 polygons
2026-05-24 17:50:28 +0300: Memory Usage (855112K) : metal2_label has 0 polygons
2026-05-24 17:50:28 +0300: Memory Usage (855112K) : metal2_slot has 0 polygons
2026-05-24 17:50:28 +0300: Memory Usage (855112K) : metal2_blk has 0 polygons
2026-05-24 17:50:28 +0300: Memory Usage (855112K) : via2 has 0 polygons
2026-05-24 17:50:29 +0300: Memory Usage (898216K) : metal3_drawn has 196608 polygons
2026-05-24 17:50:29 +0300: Memory Usage (898216K) : metal3_dummy has 3124 polygons
2026-05-24 17:50:29 +0300: Memory Usage (916884K) : metal3_label has 0 polygons
2026-05-24 17:50:29 +0300: Memory Usage (916884K) : metal3_slot has 0 polygons
2026-05-24 17:50:29 +0300: Memory Usage (916884K) : metal3_blk has 0 polygons
2026-05-24 17:50:30 +0300: Memory Usage (951744K) : via3 has 196608 polygons
2026-05-24 17:50:30 +0300: Memory Usage (994752K) : metal4_drawn has 98908 polygons
2026-05-24 17:50:30 +0300: Memory Usage (994752K) : metal4_dummy has 3124 polygons
2026-05-24 17:50:30 +0300: Memory Usage (994752K) : metal4_label has 0 polygons
2026-05-24 17:50:30 +0300: Memory Usage (994752K) : metal4_slot has 0 polygons
2026-05-24 17:50:30 +0300: Memory Usage (994752K) : metal4_blk has 0 polygons
2026-05-24 17:50:31 +0300: Memory Usage (994752K) : via4 has 74476 polygons
2026-05-24 17:50:31 +0300: Memory Usage (1019900K) : metal5_drawn has 18064 polygons
2026-05-24 17:50:31 +0300: Memory Usage (1019900K) : metal5_dummy has 3124 polygons
2026-05-24 17:50:31 +0300: Memory Usage (1019900K) : metal5_label has 0 polygons
2026-05-24 17:50:31 +0300: Memory Usage (1019900K) : metal5_slot has 0 polygons
2026-05-24 17:50:31 +0300: Memory Usage (1019900K) : metal5_blk has 0 polygons
2026-05-24 17:50:31 +0300: Memory Usage (1019900K) : res_mk has 0 polygons
2026-05-24 17:50:31 +0300: Memory Usage (1019900K) : fusetop has 0 polygons
2026-05-24 17:50:31 +0300: Memory Usage (1019900K) : Starting GF180MCU ANTENNA layer derivations.
2026-05-24 17:50:32 +0300: Memory Usage (1054684K) : Starting GF180MCU ANTENNA DRC rules.
2026-05-24 17:50:32 +0300: Memory Usage (1054684K) : Construct connectivity for POLY
2026-05-24 17:50:32 +0300: Memory Usage (1067088K) : Executing rule ANT.1
2026-05-24 17:50:33 +0300: Memory Usage (1260524K) : Construct connectivity for CONTACT
2026-05-24 17:50:34 +0300: Memory Usage (1213416K) : Executing rule ANT.8
2026-05-24 17:50:36 +0300: Memory Usage (1410504K) : Construct connectivity for METAL1
2026-05-24 17:50:37 +0300: Memory Usage (1316292K) : Executing rule ANT.16_i_ANT.2
2026-05-24 17:50:41 +0300: Memory Usage (1355312K) : Executing rule ANT.16_ii_ANT.2
2026-05-24 17:50:41 +0300: Memory Usage (1355312K) : Construct connectivity for VIA1
2026-05-24 17:50:41 +0300: Memory Usage (1355312K) : Executing rule ANT.16_i_ANT.9
2026-05-24 17:50:45 +0300: Memory Usage (1360144K) : Executing rule ANT.16_ii_ANT.9
2026-05-24 17:50:45 +0300: Memory Usage (1360144K) : Construct connectivity for METAL2
2026-05-24 17:50:45 +0300: Memory Usage (1371408K) : Executing rule ANT.16_i_ANT.3
2026-05-24 17:50:51 +0300: Memory Usage (1460884K) : Executing rule ANT.16_ii_ANT.3
2026-05-24 17:50:51 +0300: Memory Usage (1460884K) : Construct connectivity for VIA2
2026-05-24 17:50:51 +0300: Memory Usage (1413776K) : Executing rule ANT.16_i_ANT.10
2026-05-24 17:50:56 +0300: Memory Usage (1470332K) : Executing rule ANT.16_ii_ANT.10
2026-05-24 17:50:57 +0300: Memory Usage (1470332K) : Construct connectivity for METAL3
2026-05-24 17:50:57 +0300: Memory Usage (1423224K) : Executing rule ANT.16_i_ANT.4
2026-05-24 17:51:04 +0300: Memory Usage (1572000K) : Executing rule ANT.16_ii_ANT.4
2026-05-24 17:51:04 +0300: Memory Usage (1572000K) : Construct connectivity for VIA3
2026-05-24 17:51:04 +0300: Memory Usage (1477788K) : Executing rule ANT.16_i_ANT.11
2026-05-24 17:51:11 +0300: Memory Usage (1616048K) : Executing rule ANT.16_ii_ANT.11
2026-05-24 17:51:12 +0300: Memory Usage (1616048K) : Construct connectivity for METAL4
2026-05-24 17:51:12 +0300: Memory Usage (1521836K) : Executing rule ANT.16_i_ANT.5
2026-05-24 17:51:22 +0300: Memory Usage (1622788K) : Executing rule ANT.16_ii_ANT.5
2026-05-24 17:51:22 +0300: Memory Usage (1622788K) : Construct connectivity for VIA4
2026-05-24 17:51:22 +0300: Memory Usage (1528576K) : Executing rule ANT.16_i_ANT.12
2026-05-24 17:51:32 +0300: Memory Usage (1644720K) : Executing rule ANT.16_ii_ANT.12
2026-05-24 17:51:33 +0300: Memory Usage (1644720K) : Construct connectivity for METAL5
2026-05-24 17:51:33 +0300: Memory Usage (1550508K) : Executing rule ANT.16_i_ANT.6
2026-05-24 17:51:45 +0300: Memory Usage (1659504K) : Executing rule ANT.16_ii_ANT.6
2026-05-24 17:51:45 +0300: Memory Usage (1565292K) : Executing rule ANT.16_iii_ANT.14_MT_MIMB
2026-05-24 17:51:57 +0300: Memory Usage (1659504K) : Antenna DRC total Run time: 93.005929056 seconds
