2026-05-24 17:50:15 +0300: Memory Usage (576824K) : Starting running GF180MCU Klayout DRC runset on build/final_physical/gf180mcu_3v3_12t_2r2w_sram_512x32/layout/gf180mcu_3v3_12t_2r2w_sram_512x32.gds
2026-05-24 17:50:15 +0300: Memory Usage (576824K) : Ruby Version for klayout: 3.2.3
2026-05-24 17:50:15 +0300: Memory Usage (578152K) : Loading database to memory is complete.
2026-05-24 17:50:15 +0300: Memory Usage (578152K) : GF180MCU Klayout density DRC runset output at: build/pin_lvs_pex_signoff/gf180mcu_3v3_12t_2r2w_sram_512x32/density/gf180mcu_3v3_12t_2r2w_sram_512x32.density.lyrdb
2026-05-24 17:50:15 +0300: Memory Usage (578152K) : Evaluate switches.
2026-05-24 17:50:15 +0300: Memory Usage (578152K) : Number of threads to use 1
2026-05-24 17:50:15 +0300: Memory Usage (578152K) : Verbose mode: 
2026-05-24 17:50:15 +0300: Memory Usage (578152K) : flat  mode is enabled.
2026-05-24 17:50:15 +0300: Memory Usage (578152K) : METAL_TOP Selected is 9K
2026-05-24 17:50:15 +0300: Memory Usage (578152K) : METAL_STACK Selected is 5LM
2026-05-24 17:50:15 +0300: Memory Usage (578152K) : Read in polygons from layers.
2026-05-24 17:50:15 +0300: Memory Usage (578328K) : dualgate has 0 polygons
2026-05-24 17:50:15 +0300: Memory Usage (607276K) : poly2 has 131733 polygons
2026-05-24 17:50:16 +0300: Memory Usage (664156K) : contact has 491520 polygons
2026-05-24 17:50:17 +0300: Memory Usage (745904K) : metal1_drawn has 344064 polygons
2026-05-24 17:50:17 +0300: Memory Usage (745904K) : metal1_dummy has 3124 polygons
2026-05-24 17:50:17 +0300: Memory Usage (787180K) : metal1_label has 0 polygons
2026-05-24 17:50:17 +0300: Memory Usage (787180K) : metal1_slot has 0 polygons
2026-05-24 17:50:17 +0300: Memory Usage (787180K) : metal1_blk has 0 polygons
2026-05-24 17:50:17 +0300: Memory Usage (787180K) : via1 has 0 polygons
2026-05-24 17:50:18 +0300: Memory Usage (789424K) : metal2_drawn has 245760 polygons
2026-05-24 17:50:18 +0300: Memory Usage (789424K) : metal2_dummy has 3124 polygons
2026-05-24 17:50:18 +0300: Memory Usage (834880K) : metal2_label has 0 polygons
2026-05-24 17:50:18 +0300: Memory Usage (834880K) : metal2_slot has 0 polygons
2026-05-24 17:50:18 +0300: Memory Usage (834880K) : metal2_blk has 0 polygons
2026-05-24 17:50:18 +0300: Memory Usage (834880K) : via2 has 0 polygons
2026-05-24 17:50:19 +0300: Memory Usage (877984K) : metal3_drawn has 196608 polygons
2026-05-24 17:50:19 +0300: Memory Usage (877984K) : metal3_dummy has 3124 polygons
2026-05-24 17:50:19 +0300: Memory Usage (896568K) : metal3_label has 0 polygons
2026-05-24 17:50:19 +0300: Memory Usage (896568K) : metal3_slot has 0 polygons
2026-05-24 17:50:19 +0300: Memory Usage (896568K) : metal3_blk has 0 polygons
2026-05-24 17:50:19 +0300: Memory Usage (931508K) : via3 has 196608 polygons
2026-05-24 17:50:20 +0300: Memory Usage (974516K) : metal4_drawn has 98908 polygons
2026-05-24 17:50:20 +0300: Memory Usage (974516K) : metal4_dummy has 3124 polygons
2026-05-24 17:50:20 +0300: Memory Usage (974516K) : metal4_label has 0 polygons
2026-05-24 17:50:20 +0300: Memory Usage (974516K) : metal4_slot has 0 polygons
2026-05-24 17:50:20 +0300: Memory Usage (974516K) : metal4_blk has 0 polygons
2026-05-24 17:50:20 +0300: Memory Usage (974516K) : via4 has 74476 polygons
2026-05-24 17:50:21 +0300: Memory Usage (999664K) : metal5_drawn has 18064 polygons
2026-05-24 17:50:21 +0300: Memory Usage (999664K) : metal5_dummy has 3124 polygons
2026-05-24 17:50:21 +0300: Memory Usage (999664K) : metal5_label has 0 polygons
2026-05-24 17:50:21 +0300: Memory Usage (999664K) : metal5_slot has 0 polygons
2026-05-24 17:50:21 +0300: Memory Usage (999664K) : metal5_blk has 0 polygons
2026-05-24 17:50:21 +0300: Memory Usage (999664K) : Starting GF180MCU DENSITY layer derivations.
2026-05-24 17:50:21 +0300: Memory Usage (999664K) : Starting GF180MCU DENSITY DRC rules.
2026-05-24 17:50:21 +0300: Memory Usage (999664K) : Executing rule PL.8
2026-05-24 17:50:21 +0300: Memory Usage (999664K) : Executing rule M1.4
2026-05-24 17:50:22 +0300: Memory Usage (1007896K) : Executing rule M2.4
2026-05-24 17:50:22 +0300: Memory Usage (1020132K) : Executing rule M3.4
2026-05-24 17:50:23 +0300: Memory Usage (1026464K) : Executing rule M4.4
2026-05-24 17:50:23 +0300: Memory Usage (1055688K) : Executing rule M5.4
2026-05-24 17:50:24 +0300: Memory Usage (1076284K) : Executing rule MT.3
2026-05-24 17:50:24 +0300: Memory Usage (1076284K) : DRC Total Run time 8.570094 seconds
