2026-05-26 01:11:32 +0300: Memory Usage (576956K) : Starting running GF180MCU Klayout DRC runset on /home/yevhenii/gf180mcu-3v3-12t-2r2w-sram-macro/macros/gf180mcu_3v3_12t_2r2w_sram_512x8/layout/gf180mcu_3v3_12t_2r2w_sram_512x8.gds
2026-05-26 01:11:32 +0300: Memory Usage (576956K) : Ruby Version for klayout: 3.2.3
2026-05-26 01:11:32 +0300: Memory Usage (578788K) : Loading database to memory is complete.
2026-05-26 01:11:32 +0300: Memory Usage (578788K) : GF180MCU Klayout antenna DRC runset output at: /home/yevhenii/gf180mcu-3v3-12t-2r2w-sram-macro/reports/local_signoff_full/gf180mcu_3v3_12t_2r2w_sram_512x8/antenna/gf180mcu_3v3_12t_2r2w_sram_512x8.antenna.lyrdb
2026-05-26 01:11:32 +0300: Memory Usage (578788K) : Evaluate switches.
2026-05-26 01:11:32 +0300: Memory Usage (578788K) : Number of threads to use 1
2026-05-26 01:11:32 +0300: Memory Usage (578788K) : Verbose mode: 
2026-05-26 01:11:32 +0300: Memory Usage (578788K) : flat  mode is enabled.
2026-05-26 01:11:32 +0300: Memory Usage (578788K) : METAL_TOP Selected is 9K
2026-05-26 01:11:32 +0300: Memory Usage (578788K) : METAL_STACK Selected is 5LM
2026-05-26 01:11:32 +0300: Memory Usage (578788K) : MIM Option selected: B
2026-05-26 01:11:32 +0300: Memory Usage (578788K) : Read in polygons from layers.
2026-05-26 01:11:32 +0300: Memory Usage (588336K) : comp has 36252 polygons
2026-05-26 01:11:32 +0300: Memory Usage (588336K) : dualgate has 0 polygons
2026-05-26 01:11:32 +0300: Memory Usage (605832K) : poly2 has 33620 polygons
2026-05-26 01:11:33 +0300: Memory Usage (605832K) : nplus has 1576 polygons
2026-05-26 01:11:33 +0300: Memory Usage (605832K) : pplus has 4662 polygons
2026-05-26 01:11:33 +0300: Memory Usage (623188K) : contact has 146266 polygons
2026-05-26 01:11:33 +0300: Memory Usage (652932K) : metal1_drawn has 91668 polygons
2026-05-26 01:11:33 +0300: Memory Usage (652932K) : metal1_dummy has 973 polygons
2026-05-26 01:11:33 +0300: Memory Usage (652932K) : metal1_label has 3791 polygons
2026-05-26 01:11:33 +0300: Memory Usage (652932K) : metal1_slot has 0 polygons
2026-05-26 01:11:33 +0300: Memory Usage (652932K) : metal1_blk has 0 polygons
2026-05-26 01:11:33 +0300: Memory Usage (652932K) : via1 has 4108 polygons
2026-05-26 01:11:33 +0300: Memory Usage (685088K) : metal2_drawn has 66007 polygons
2026-05-26 01:11:33 +0300: Memory Usage (685088K) : metal2_dummy has 973 polygons
2026-05-26 01:11:33 +0300: Memory Usage (685088K) : metal2_label has 0 polygons
2026-05-26 01:11:33 +0300: Memory Usage (685088K) : metal2_slot has 0 polygons
2026-05-26 01:11:33 +0300: Memory Usage (685088K) : metal2_blk has 0 polygons
2026-05-26 01:11:34 +0300: Memory Usage (685088K) : via2 has 7262 polygons
2026-05-26 01:11:34 +0300: Memory Usage (719320K) : metal3_drawn has 51743 polygons
2026-05-26 01:11:34 +0300: Memory Usage (719320K) : metal3_dummy has 973 polygons
2026-05-26 01:11:34 +0300: Memory Usage (719320K) : metal3_label has 0 polygons
2026-05-26 01:11:34 +0300: Memory Usage (719320K) : metal3_slot has 0 polygons
2026-05-26 01:11:34 +0300: Memory Usage (719320K) : metal3_blk has 0 polygons
2026-05-26 01:11:34 +0300: Memory Usage (719320K) : via3 has 49584 polygons
2026-05-26 01:11:34 +0300: Memory Usage (719320K) : metal4_drawn has 23330 polygons
2026-05-26 01:11:34 +0300: Memory Usage (719320K) : metal4_dummy has 973 polygons
2026-05-26 01:11:34 +0300: Memory Usage (719320K) : metal4_label has 0 polygons
2026-05-26 01:11:34 +0300: Memory Usage (719320K) : metal4_slot has 0 polygons
2026-05-26 01:11:34 +0300: Memory Usage (719320K) : metal4_blk has 0 polygons
2026-05-26 01:11:34 +0300: Memory Usage (719320K) : via4 has 18655 polygons
2026-05-26 01:11:34 +0300: Memory Usage (719320K) : metal5_drawn has 4563 polygons
2026-05-26 01:11:34 +0300: Memory Usage (719320K) : metal5_dummy has 973 polygons
2026-05-26 01:11:34 +0300: Memory Usage (719320K) : metal5_label has 0 polygons
2026-05-26 01:11:34 +0300: Memory Usage (719320K) : metal5_slot has 0 polygons
2026-05-26 01:11:34 +0300: Memory Usage (719320K) : metal5_blk has 0 polygons
2026-05-26 01:11:34 +0300: Memory Usage (719320K) : res_mk has 0 polygons
2026-05-26 01:11:34 +0300: Memory Usage (719320K) : fusetop has 0 polygons
2026-05-26 01:11:34 +0300: Memory Usage (719320K) : Starting GF180MCU ANTENNA layer derivations.
2026-05-26 01:11:35 +0300: Memory Usage (753848K) : Starting GF180MCU ANTENNA DRC rules.
2026-05-26 01:11:35 +0300: Memory Usage (753848K) : Construct connectivity for POLY
2026-05-26 01:11:35 +0300: Memory Usage (753848K) : Executing rule ANT.1
2026-05-26 01:11:35 +0300: Memory Usage (767364K) : Construct connectivity for CONTACT
2026-05-26 01:11:35 +0300: Memory Usage (767364K) : Executing rule ANT.8
2026-05-26 01:11:36 +0300: Memory Usage (830776K) : Construct connectivity for METAL1
2026-05-26 01:11:36 +0300: Memory Usage (830776K) : Executing rule ANT.16_i_ANT.2
2026-05-26 01:11:37 +0300: Memory Usage (830776K) : Executing rule ANT.16_ii_ANT.2
2026-05-26 01:11:37 +0300: Memory Usage (830776K) : Construct connectivity for VIA1
2026-05-26 01:11:37 +0300: Memory Usage (830776K) : Executing rule ANT.16_i_ANT.9
2026-05-26 01:11:38 +0300: Memory Usage (830776K) : Executing rule ANT.16_ii_ANT.9
2026-05-26 01:11:38 +0300: Memory Usage (830776K) : Construct connectivity for METAL2
2026-05-26 01:11:38 +0300: Memory Usage (830776K) : Executing rule ANT.16_i_ANT.3
2026-05-26 01:11:40 +0300: Memory Usage (866108K) : Executing rule ANT.16_ii_ANT.3
2026-05-26 01:11:40 +0300: Memory Usage (866108K) : Construct connectivity for VIA2
2026-05-26 01:11:40 +0300: Memory Usage (866108K) : Executing rule ANT.16_i_ANT.10
2026-05-26 01:11:41 +0300: Memory Usage (878396K) : Executing rule ANT.16_ii_ANT.10
2026-05-26 01:11:41 +0300: Memory Usage (878396K) : Construct connectivity for METAL3
2026-05-26 01:11:41 +0300: Memory Usage (878396K) : Executing rule ANT.16_i_ANT.4
2026-05-26 01:11:43 +0300: Memory Usage (891196K) : Executing rule ANT.16_ii_ANT.4
2026-05-26 01:11:43 +0300: Memory Usage (891196K) : Construct connectivity for VIA3
2026-05-26 01:11:43 +0300: Memory Usage (891196K) : Executing rule ANT.16_i_ANT.11
2026-05-26 01:11:45 +0300: Memory Usage (900680K) : Executing rule ANT.16_ii_ANT.11
2026-05-26 01:11:46 +0300: Memory Usage (900680K) : Construct connectivity for METAL4
2026-05-26 01:11:46 +0300: Memory Usage (900680K) : Executing rule ANT.16_i_ANT.5
2026-05-26 01:11:49 +0300: Memory Usage (912460K) : Executing rule ANT.16_ii_ANT.5
2026-05-26 01:11:49 +0300: Memory Usage (912460K) : Construct connectivity for VIA4
2026-05-26 01:11:49 +0300: Memory Usage (912460K) : Executing rule ANT.16_i_ANT.12
2026-05-26 01:11:51 +0300: Memory Usage (924228K) : Executing rule ANT.16_ii_ANT.12
2026-05-26 01:11:51 +0300: Memory Usage (924228K) : Construct connectivity for METAL5
2026-05-26 01:11:52 +0300: Memory Usage (924228K) : Executing rule ANT.16_i_ANT.6
2026-05-26 01:11:55 +0300: Memory Usage (924480K) : Executing rule ANT.16_ii_ANT.6
2026-05-26 01:11:55 +0300: Memory Usage (924480K) : Executing rule ANT.16_iii_ANT.14_MT_MIMB
2026-05-26 01:11:58 +0300: Memory Usage (924480K) : Antenna DRC total Run time: 25.99249844 seconds
