
Subcircuit summary:
Circuit 1: gf180mcu_3v3_12t_sram_ctrl_nand2     |Circuit 2: gf180mcu_3v3_12t_sram_ctrl_nand2     
-------------------------------------------|-------------------------------------------
nfet_03v3 (2)                              |nfet_03v3 (2)                              
pfet_03v3 (2)                              |pfet_03v3 (2)                              
Number of devices: 4                       |Number of devices: 4                       
Number of nets: 6                          |Number of nets: 6                          
---------------------------------------------------------------------------------------
Circuits match uniquely.
Netlists match uniquely.

Subcircuit pins:
Circuit 1: gf180mcu_3v3_12t_sram_ctrl_nand2     |Circuit 2: gf180mcu_3v3_12t_sram_ctrl_nand2     
-------------------------------------------|-------------------------------------------
VDD                                        |VDD                                        
Y                                          |Y                                          
VSS                                        |VSS                                        
B                                          |B                                          
A                                          |A                                          
---------------------------------------------------------------------------------------
Cell pin lists are equivalent.
Device classes gf180mcu_3v3_12t_sram_ctrl_nand2 and gf180mcu_3v3_12t_sram_ctrl_nand2 are equivalent.
Circuits match uniquely.
