2026-05-26 01:48:13 +0300: Memory Usage (576972K) : Starting running GF180MCU Klayout DRC runset on /home/yevhenii/gf180mcu-3v3-12t-2r2w-sram-macro/macros/gf180mcu_3v3_12t_2r2w_sram_512x32/layout/gf180mcu_3v3_12t_2r2w_sram_512x32.gds
2026-05-26 01:48:13 +0300: Memory Usage (576972K) : Ruby Version for klayout: 3.2.3
2026-05-26 01:48:13 +0300: Memory Usage (580392K) : Loading database to memory is complete.
2026-05-26 01:48:13 +0300: Memory Usage (580392K) : GF180MCU Klayout antenna DRC runset output at: /home/yevhenii/gf180mcu-3v3-12t-2r2w-sram-macro/reports/local_signoff_full/gf180mcu_3v3_12t_2r2w_sram_512x32/antenna/gf180mcu_3v3_12t_2r2w_sram_512x32.antenna.lyrdb
2026-05-26 01:48:13 +0300: Memory Usage (580392K) : Evaluate switches.
2026-05-26 01:48:13 +0300: Memory Usage (580392K) : Number of threads to use 1
2026-05-26 01:48:13 +0300: Memory Usage (580392K) : Verbose mode: 
2026-05-26 01:48:13 +0300: Memory Usage (580392K) : flat  mode is enabled.
2026-05-26 01:48:13 +0300: Memory Usage (580392K) : METAL_TOP Selected is 9K
2026-05-26 01:48:13 +0300: Memory Usage (580392K) : METAL_STACK Selected is 5LM
2026-05-26 01:48:13 +0300: Memory Usage (580392K) : MIM Option selected: B
2026-05-26 01:48:13 +0300: Memory Usage (580392K) : Read in polygons from layers.
2026-05-26 01:48:13 +0300: Memory Usage (625732K) : comp has 138636 polygons
2026-05-26 01:48:13 +0300: Memory Usage (625732K) : dualgate has 0 polygons
2026-05-26 01:48:14 +0300: Memory Usage (645548K) : poly2 has 133794 polygons
2026-05-26 01:48:14 +0300: Memory Usage (691732K) : nplus has 5768 polygons
2026-05-26 01:48:14 +0300: Memory Usage (691732K) : pplus has 18118 polygons
2026-05-26 01:48:15 +0300: Memory Usage (762396K) : contact has 538730 polygons
2026-05-26 01:48:17 +0300: Memory Usage (804888K) : metal1_drawn has 357924 polygons
2026-05-26 01:48:17 +0300: Memory Usage (804888K) : metal1_dummy has 3042 polygons
2026-05-26 01:48:17 +0300: Memory Usage (845600K) : metal1_label has 6863 polygons
2026-05-26 01:48:17 +0300: Memory Usage (845600K) : metal1_slot has 0 polygons
2026-05-26 01:48:17 +0300: Memory Usage (845600K) : metal1_blk has 0 polygons
2026-05-26 01:48:17 +0300: Memory Usage (845600K) : via1 has 10860 polygons
2026-05-26 01:48:17 +0300: Memory Usage (860964K) : metal2_drawn has 260991 polygons
2026-05-26 01:48:17 +0300: Memory Usage (860964K) : metal2_dummy has 3042 polygons
2026-05-26 01:48:17 +0300: Memory Usage (898512K) : metal2_label has 0 polygons
2026-05-26 01:48:17 +0300: Memory Usage (898512K) : metal2_slot has 0 polygons
2026-05-26 01:48:17 +0300: Memory Usage (898512K) : metal2_blk has 0 polygons
2026-05-26 01:48:17 +0300: Memory Usage (898512K) : via2 has 24310 polygons
2026-05-26 01:48:19 +0300: Memory Usage (944060K) : metal3_drawn has 205903 polygons
2026-05-26 01:48:19 +0300: Memory Usage (944060K) : metal3_dummy has 3042 polygons
2026-05-26 01:48:19 +0300: Memory Usage (965860K) : metal3_label has 0 polygons
2026-05-26 01:48:19 +0300: Memory Usage (965860K) : metal3_slot has 0 polygons
2026-05-26 01:48:19 +0300: Memory Usage (965860K) : metal3_blk has 0 polygons
2026-05-26 01:48:19 +0300: Memory Usage (1000908K) : via3 has 197680 polygons
2026-05-26 01:48:20 +0300: Memory Usage (1048176K) : metal4_drawn has 91877 polygons
2026-05-26 01:48:20 +0300: Memory Usage (1048176K) : metal4_dummy has 3042 polygons
2026-05-26 01:48:20 +0300: Memory Usage (1048176K) : metal4_label has 0 polygons
2026-05-26 01:48:20 +0300: Memory Usage (1048176K) : metal4_slot has 0 polygons
2026-05-26 01:48:20 +0300: Memory Usage (1048176K) : metal4_blk has 0 polygons
2026-05-26 01:48:20 +0300: Memory Usage (1048176K) : via4 has 74604 polygons
2026-05-26 01:48:20 +0300: Memory Usage (1080508K) : metal5_drawn has 18002 polygons
2026-05-26 01:48:20 +0300: Memory Usage (1080508K) : metal5_dummy has 3042 polygons
2026-05-26 01:48:20 +0300: Memory Usage (1080508K) : metal5_label has 0 polygons
2026-05-26 01:48:20 +0300: Memory Usage (1080508K) : metal5_slot has 0 polygons
2026-05-26 01:48:20 +0300: Memory Usage (1080508K) : metal5_blk has 0 polygons
2026-05-26 01:48:20 +0300: Memory Usage (1080508K) : res_mk has 0 polygons
2026-05-26 01:48:20 +0300: Memory Usage (1080508K) : fusetop has 0 polygons
2026-05-26 01:48:20 +0300: Memory Usage (1080508K) : Starting GF180MCU ANTENNA layer derivations.
2026-05-26 01:48:22 +0300: Memory Usage (1106196K) : Starting GF180MCU ANTENNA DRC rules.
2026-05-26 01:48:22 +0300: Memory Usage (1106196K) : Construct connectivity for POLY
2026-05-26 01:48:22 +0300: Memory Usage (1118484K) : Executing rule ANT.1
2026-05-26 01:48:23 +0300: Memory Usage (1314312K) : Construct connectivity for CONTACT
2026-05-26 01:48:24 +0300: Memory Usage (1267204K) : Executing rule ANT.8
2026-05-26 01:48:26 +0300: Memory Usage (1494808K) : Construct connectivity for METAL1
2026-05-26 01:48:27 +0300: Memory Usage (1400596K) : Executing rule ANT.16_i_ANT.2
2026-05-26 01:48:31 +0300: Memory Usage (1431208K) : Executing rule ANT.16_ii_ANT.2
2026-05-26 01:48:32 +0300: Memory Usage (1431208K) : Construct connectivity for VIA1
2026-05-26 01:48:32 +0300: Memory Usage (1431208K) : Executing rule ANT.16_i_ANT.9
2026-05-26 01:48:36 +0300: Memory Usage (1433940K) : Executing rule ANT.16_ii_ANT.9
2026-05-26 01:48:36 +0300: Memory Usage (1433940K) : Construct connectivity for METAL2
2026-05-26 01:48:36 +0300: Memory Usage (1446228K) : Executing rule ANT.16_i_ANT.3
2026-05-26 01:48:42 +0300: Memory Usage (1593472K) : Executing rule ANT.16_ii_ANT.3
2026-05-26 01:48:42 +0300: Memory Usage (1593472K) : Construct connectivity for VIA2
2026-05-26 01:48:43 +0300: Memory Usage (1499260K) : Executing rule ANT.16_i_ANT.10
2026-05-26 01:48:49 +0300: Memory Usage (1602308K) : Executing rule ANT.16_ii_ANT.10
2026-05-26 01:48:49 +0300: Memory Usage (1602308K) : Construct connectivity for METAL3
2026-05-26 01:48:49 +0300: Memory Usage (1508096K) : Executing rule ANT.16_i_ANT.4
2026-05-26 01:48:57 +0300: Memory Usage (1652000K) : Executing rule ANT.16_ii_ANT.4
2026-05-26 01:48:57 +0300: Memory Usage (1652000K) : Construct connectivity for VIA3
2026-05-26 01:48:57 +0300: Memory Usage (1557788K) : Executing rule ANT.16_i_ANT.11
2026-05-26 01:49:05 +0300: Memory Usage (1695668K) : Executing rule ANT.16_ii_ANT.11
2026-05-26 01:49:06 +0300: Memory Usage (1695668K) : Construct connectivity for METAL4
2026-05-26 01:49:07 +0300: Memory Usage (1601456K) : Executing rule ANT.16_i_ANT.5
2026-05-26 01:49:18 +0300: Memory Usage (1713100K) : Executing rule ANT.16_ii_ANT.5
2026-05-26 01:49:18 +0300: Memory Usage (1713100K) : Construct connectivity for VIA4
2026-05-26 01:49:19 +0300: Memory Usage (1618888K) : Executing rule ANT.16_i_ANT.12
2026-05-26 01:49:30 +0300: Memory Usage (1726784K) : Executing rule ANT.16_ii_ANT.12
2026-05-26 01:49:30 +0300: Memory Usage (1726784K) : Construct connectivity for METAL5
2026-05-26 01:49:31 +0300: Memory Usage (1632572K) : Executing rule ANT.16_i_ANT.6
2026-05-26 01:49:44 +0300: Memory Usage (1721200K) : Executing rule ANT.16_ii_ANT.6
2026-05-26 01:49:45 +0300: Memory Usage (1626988K) : Executing rule ANT.16_iii_ANT.14_MT_MIMB
2026-05-26 01:49:58 +0300: Memory Usage (1706156K) : Antenna DRC total Run time: 105.636845622 seconds
